#-----------------------------------------------------------
# Vivado v2016.2 (64-bit)
# SW Build 1577090 on Thu Jun  2 16:32:40 MDT 2016
# IP Build 1577682 on Fri Jun  3 12:00:54 MDT 2016
# Start of session at: Fri Apr 06 20:11:56 2018
# Process ID: 3552
# Current directory: D:/Desktop/EE2026Lab/audio_effects_final_draft1
# Command line: vivado.exe -gui_launcher_event rodinguilauncherevent2704 D:\Desktop\EE2026Lab\audio_effects_final_draft1\audio_effects.xpr
# Log file: D:/Desktop/EE2026Lab/audio_effects_final_draft1/vivado.log
# Journal file: D:/Desktop/EE2026Lab/audio_effects_final_draft1\vivado.jou
#-----------------------------------------------------------
start_gui
open_project D:/Desktop/EE2026Lab/audio_effects_final_draft1/audio_effects.xpr
Scanning sources...
Finished scanning sources
INFO: [IP_Flow 19-234] Refreshing IP repositories
INFO: [IP_Flow 19-1704] No user IP repositories specified
INFO: [IP_Flow 19-2313] Loaded Vivado IP repository 'C:/Xilinx/Vivado/2016.2/data/ip'.
open_project: Time (s): cpu = 00:00:22 ; elapsed = 00:00:13 . Memory (MB): peak = 763.859 ; gain = 124.965
reset_run synth_3
launch_runs impl_3 -to_step write_bitstream -jobs 4
[Fri Apr 06 20:12:51 2018] Launched synth_3...
Run output will be captured here: D:/Desktop/EE2026Lab/audio_effects_final_draft1/audio_effects.runs/synth_3/runme.log
[Fri Apr 06 20:12:52 2018] Launched impl_3...
Run output will be captured here: D:/Desktop/EE2026Lab/audio_effects_final_draft1/audio_effects.runs/impl_3/runme.log
current_run [get_runs impl_2]
reset_run synth_2
launch_runs impl_2 -to_step write_bitstream -jobs 4
[Fri Apr 06 20:13:05 2018] Launched synth_2...
Run output will be captured here: D:/Desktop/EE2026Lab/audio_effects_final_draft1/audio_effects.runs/synth_2/runme.log
[Fri Apr 06 20:13:05 2018] Launched impl_2...
Run output will be captured here: D:/Desktop/EE2026Lab/audio_effects_final_draft1/audio_effects.runs/impl_2/runme.log
current_run [get_runs synth_3]
current_run: Time (s): cpu = 00:00:01 ; elapsed = 00:00:12 . Memory (MB): peak = 787.875 ; gain = 0.000
open_hw
connect_hw_server
INFO: [Labtools 27-2285] Connecting to hw_server url TCP:localhost:3121
INFO: [Labtools 27-2222] Launching hw_server...
INFO: [Labtools 27-2221] Launch Output:

****** Xilinx hw_server v2016.2
  **** Build date : Jun  2 2016-16:57:03
    ** Copyright 1986-2016 Xilinx, Inc. All Rights Reserved.


open_hw_target
INFO: [Labtoolstcl 44-466] Opening hw_target localhost:3121/xilinx_tcf/Digilent/210183713891A
set_property PROGRAM.FILE {D:/Desktop/EE2026Lab/audio_effects_final_draft1/audio_effects.runs/impl_3/AUDIO_FX_TOP.bit} [lindex [get_hw_devices] 0]
current_hw_device [lindex [get_hw_devices] 0]
refresh_hw_device -update_hw_probes false [lindex [get_hw_devices] 0]
INFO: [Labtools 27-1434] Device xc7a35t (JTAG device index = 0) is programmed with a design that has no supported debug core(s) in it.
WARNING: [Labtools 27-3123] The debug hub core was not detected at User Scan Chain 1 or 3.
Resolution: 
1. Make sure the clock connected to the debug hub (dbg_hub) core is a free running clock and is active OR
2. Manually launch hw_server with -e "set xsdb-user-bscan <C_USER_SCAN_CHAIN scan_chain_number>" to detect the debug hub at User Scan Chain of 2 or 4. To determine the user scan chain setting, open the implemented design and use: get_property C_USER_SCAN_CHAIN [get_debug_cores dbg_hub].
set_property PROBES.FILE {} [lindex [get_hw_devices] 0]
set_property PROGRAM.FILE {D:/Desktop/EE2026Lab/audio_effects_final_draft1/audio_effects.runs/impl_3/AUDIO_FX_TOP.bit} [lindex [get_hw_devices] 0]
program_hw_devices [lindex [get_hw_devices] 0]
INFO: [Labtools 27-3164] End of startup status: HIGH
refresh_hw_device [lindex [get_hw_devices] 0]
INFO: [Labtools 27-1434] Device xc7a35t (JTAG device index = 0) is programmed with a design that has no supported debug core(s) in it.
WARNING: [Labtools 27-3123] The debug hub core was not detected at User Scan Chain 1 or 3.
Resolution: 
1. Make sure the clock connected to the debug hub (dbg_hub) core is a free running clock and is active OR
2. Manually launch hw_server with -e "set xsdb-user-bscan <C_USER_SCAN_CHAIN scan_chain_number>" to detect the debug hub at User Scan Chain of 2 or 4. To determine the user scan chain setting, open the implemented design and use: get_property C_USER_SCAN_CHAIN [get_debug_cores dbg_hub].
close_hw
reset_run synth_3
launch_runs impl_3 -to_step write_bitstream -jobs 4
[Fri Apr 06 21:07:14 2018] Launched synth_3...
Run output will be captured here: D:/Desktop/EE2026Lab/audio_effects_final_draft1/audio_effects.runs/synth_3/runme.log
[Fri Apr 06 21:07:14 2018] Launched impl_3...
Run output will be captured here: D:/Desktop/EE2026Lab/audio_effects_final_draft1/audio_effects.runs/impl_3/runme.log
current_run [get_runs synth_2]
current_run [get_runs synth_3]
reset_run synth_3
launch_runs synth_3 -jobs 4
[Fri Apr 06 21:14:12 2018] Launched synth_3...
Run output will be captured here: D:/Desktop/EE2026Lab/audio_effects_final_draft1/audio_effects.runs/synth_3/runme.log
reset_run synth_3 -noclean_dir 
launch_runs impl_3 -to_step write_bitstream -jobs 4
[Fri Apr 06 21:14:48 2018] Launched synth_3...
Run output will be captured here: D:/Desktop/EE2026Lab/audio_effects_final_draft1/audio_effects.runs/synth_3/runme.log
[Fri Apr 06 21:14:48 2018] Launched impl_3...
Run output will be captured here: D:/Desktop/EE2026Lab/audio_effects_final_draft1/audio_effects.runs/impl_3/runme.log
open_hw
connect_hw_server
INFO: [Labtools 27-2285] Connecting to hw_server url TCP:localhost:3121
INFO: [Labtools 27-2222] Launching hw_server...
INFO: [Labtools 27-2221] Launch Output:

****** Xilinx hw_server v2016.2
  **** Build date : Jun  2 2016-16:57:03
    ** Copyright 1986-2016 Xilinx, Inc. All Rights Reserved.


connect_hw_server: Time (s): cpu = 00:00:01 ; elapsed = 00:00:07 . Memory (MB): peak = 1036.336 ; gain = 0.000
open_hw_target
INFO: [Labtoolstcl 44-466] Opening hw_target localhost:3121/xilinx_tcf/Digilent/210183713891A
set_property PROGRAM.FILE {D:/Desktop/EE2026Lab/audio_effects_final_draft1/audio_effects.runs/impl_3/AUDIO_FX_TOP.bit} [lindex [get_hw_devices] 0]
current_hw_device [lindex [get_hw_devices] 0]
refresh_hw_device -update_hw_probes false [lindex [get_hw_devices] 0]
INFO: [Labtools 27-1434] Device xc7a35t (JTAG device index = 0) is programmed with a design that has no supported debug core(s) in it.
WARNING: [Labtools 27-3123] The debug hub core was not detected at User Scan Chain 1 or 3.
Resolution: 
1. Make sure the clock connected to the debug hub (dbg_hub) core is a free running clock and is active OR
2. Manually launch hw_server with -e "set xsdb-user-bscan <C_USER_SCAN_CHAIN scan_chain_number>" to detect the debug hub at User Scan Chain of 2 or 4. To determine the user scan chain setting, open the implemented design and use: get_property C_USER_SCAN_CHAIN [get_debug_cores dbg_hub].
set_property PROBES.FILE {} [lindex [get_hw_devices] 0]
set_property PROGRAM.FILE {D:/Desktop/EE2026Lab/audio_effects_final_draft1/audio_effects.runs/impl_3/AUDIO_FX_TOP.bit} [lindex [get_hw_devices] 0]
program_hw_devices [lindex [get_hw_devices] 0]
INFO: [Labtools 27-3164] End of startup status: HIGH
refresh_hw_device [lindex [get_hw_devices] 0]
INFO: [Labtools 27-1434] Device xc7a35t (JTAG device index = 0) is programmed with a design that has no supported debug core(s) in it.
WARNING: [Labtools 27-3123] The debug hub core was not detected at User Scan Chain 1 or 3.
Resolution: 
1. Make sure the clock connected to the debug hub (dbg_hub) core is a free running clock and is active OR
2. Manually launch hw_server with -e "set xsdb-user-bscan <C_USER_SCAN_CHAIN scan_chain_number>" to detect the debug hub at User Scan Chain of 2 or 4. To determine the user scan chain setting, open the implemented design and use: get_property C_USER_SCAN_CHAIN [get_debug_cores dbg_hub].
reset_run synth_3
launch_runs impl_3 -to_step write_bitstream -jobs 4
[Fri Apr 06 21:43:05 2018] Launched synth_3...
Run output will be captured here: D:/Desktop/EE2026Lab/audio_effects_final_draft1/audio_effects.runs/synth_3/runme.log
[Fri Apr 06 21:43:05 2018] Launched impl_3...
Run output will be captured here: D:/Desktop/EE2026Lab/audio_effects_final_draft1/audio_effects.runs/impl_3/runme.log
close_hw
create_run synth_final -flow {Vivado Synthesis 2016} -strategy Flow_PerfOptimized_high
Run is defaulting to srcset: sources_1
Run is defaulting to constrset: constrs_1
Run is defaulting to part: xc7a35tcpg236-1
create_run impl_final -parent_run synth_final -flow {Vivado Implementation 2016}
Run is defaulting to parent run srcset: sources_1
Run is defaulting to parent run constrset: constrs_1
Run is defaulting to parent run part: xc7a35tcpg236-1
current_run [get_runs synth_final]
launch_runs impl_final -to_step write_bitstream -jobs 4
[Fri Apr 06 21:51:35 2018] Launched synth_final...
Run output will be captured here: D:/Desktop/EE2026Lab/audio_effects_final_draft1/audio_effects.runs/synth_final/runme.log
[Fri Apr 06 21:51:35 2018] Launched impl_final...
Run output will be captured here: D:/Desktop/EE2026Lab/audio_effects_final_draft1/audio_effects.runs/impl_final/runme.log
current_run [get_runs synth_3]
open_hw
connect_hw_server
INFO: [Labtools 27-2285] Connecting to hw_server url TCP:localhost:3121
INFO: [Labtools 27-2222] Launching hw_server...
INFO: [Labtools 27-2221] Launch Output:

****** Xilinx hw_server v2016.2
  **** Build date : Jun  2 2016-16:57:03
    ** Copyright 1986-2016 Xilinx, Inc. All Rights Reserved.


connect_hw_server: Time (s): cpu = 00:00:00 ; elapsed = 00:00:07 . Memory (MB): peak = 1036.336 ; gain = 0.000
open_hw_target
INFO: [Labtoolstcl 44-466] Opening hw_target localhost:3121/xilinx_tcf/Digilent/210183713891A
set_property PROGRAM.FILE {D:/Desktop/EE2026Lab/audio_effects_final_draft1/audio_effects.runs/impl_3/AUDIO_FX_TOP.bit} [lindex [get_hw_devices] 0]
current_hw_device [lindex [get_hw_devices] 0]
refresh_hw_device -update_hw_probes false [lindex [get_hw_devices] 0]
INFO: [Labtools 27-1434] Device xc7a35t (JTAG device index = 0) is programmed with a design that has no supported debug core(s) in it.
WARNING: [Labtools 27-3123] The debug hub core was not detected at User Scan Chain 1 or 3.
Resolution: 
1. Make sure the clock connected to the debug hub (dbg_hub) core is a free running clock and is active OR
2. Manually launch hw_server with -e "set xsdb-user-bscan <C_USER_SCAN_CHAIN scan_chain_number>" to detect the debug hub at User Scan Chain of 2 or 4. To determine the user scan chain setting, open the implemented design and use: get_property C_USER_SCAN_CHAIN [get_debug_cores dbg_hub].
set_property PROBES.FILE {} [lindex [get_hw_devices] 0]
set_property PROGRAM.FILE {D:/Desktop/EE2026Lab/audio_effects_final_draft1/audio_effects.runs/impl_3/AUDIO_FX_TOP.bit} [lindex [get_hw_devices] 0]
program_hw_devices [lindex [get_hw_devices] 0]
INFO: [Labtools 27-3164] End of startup status: HIGH
refresh_hw_device [lindex [get_hw_devices] 0]
INFO: [Labtools 27-1434] Device xc7a35t (JTAG device index = 0) is programmed with a design that has no supported debug core(s) in it.
WARNING: [Labtools 27-3123] The debug hub core was not detected at User Scan Chain 1 or 3.
Resolution: 
1. Make sure the clock connected to the debug hub (dbg_hub) core is a free running clock and is active OR
2. Manually launch hw_server with -e "set xsdb-user-bscan <C_USER_SCAN_CHAIN scan_chain_number>" to detect the debug hub at User Scan Chain of 2 or 4. To determine the user scan chain setting, open the implemented design and use: get_property C_USER_SCAN_CHAIN [get_debug_cores dbg_hub].
close_hw
current_run [get_runs impl_final]
current_run [get_runs impl_3]
current_run [get_runs impl_final]
open_hw
connect_hw_server
INFO: [Labtools 27-2285] Connecting to hw_server url TCP:localhost:3121
INFO: [Labtools 27-2222] Launching hw_server...
INFO: [Labtools 27-2221] Launch Output:

****** Xilinx hw_server v2016.2
  **** Build date : Jun  2 2016-16:57:03
    ** Copyright 1986-2016 Xilinx, Inc. All Rights Reserved.


connect_hw_server: Time (s): cpu = 00:00:01 ; elapsed = 00:00:07 . Memory (MB): peak = 1036.336 ; gain = 0.000
open_hw_target
INFO: [Labtoolstcl 44-466] Opening hw_target localhost:3121/xilinx_tcf/Digilent/210183713891A
set_property PROGRAM.FILE {D:/Desktop/EE2026Lab/audio_effects_final_draft1/audio_effects.runs/impl_3/AUDIO_FX_TOP.bit} [lindex [get_hw_devices] 0]
current_hw_device [lindex [get_hw_devices] 0]
refresh_hw_device -update_hw_probes false [lindex [get_hw_devices] 0]
INFO: [Labtools 27-1434] Device xc7a35t (JTAG device index = 0) is programmed with a design that has no supported debug core(s) in it.
WARNING: [Labtools 27-3123] The debug hub core was not detected at User Scan Chain 1 or 3.
Resolution: 
1. Make sure the clock connected to the debug hub (dbg_hub) core is a free running clock and is active OR
2. Manually launch hw_server with -e "set xsdb-user-bscan <C_USER_SCAN_CHAIN scan_chain_number>" to detect the debug hub at User Scan Chain of 2 or 4. To determine the user scan chain setting, open the implemented design and use: get_property C_USER_SCAN_CHAIN [get_debug_cores dbg_hub].
set_property PROBES.FILE {} [lindex [get_hw_devices] 0]
set_property PROGRAM.FILE {D:/Desktop/EE2026Lab/audio_effects_final_draft1/audio_effects.runs/impl_final/AUDIO_FX_TOP.bit} [lindex [get_hw_devices] 0]
program_hw_devices [lindex [get_hw_devices] 0]
INFO: [Labtools 27-3164] End of startup status: HIGH
refresh_hw_device [lindex [get_hw_devices] 0]
INFO: [Labtools 27-1434] Device xc7a35t (JTAG device index = 0) is programmed with a design that has no supported debug core(s) in it.
WARNING: [Labtools 27-3123] The debug hub core was not detected at User Scan Chain 1 or 3.
Resolution: 
1. Make sure the clock connected to the debug hub (dbg_hub) core is a free running clock and is active OR
2. Manually launch hw_server with -e "set xsdb-user-bscan <C_USER_SCAN_CHAIN scan_chain_number>" to detect the debug hub at User Scan Chain of 2 or 4. To determine the user scan chain setting, open the implemented design and use: get_property C_USER_SCAN_CHAIN [get_debug_cores dbg_hub].
close_hw
close_hw: Time (s): cpu = 00:00:02 ; elapsed = 00:00:11 . Memory (MB): peak = 1039.293 ; gain = 0.000
exit
INFO: [Common 17-206] Exiting Vivado at Fri Apr 06 22:26:59 2018...
