#-----------------------------------------------------------
# Vivado v2016.2 (64-bit)
# SW Build 1577090 on Thu Jun  2 16:32:40 MDT 2016
# IP Build 1577682 on Fri Jun  3 12:00:54 MDT 2016
# Start of session at: Thu Apr 05 20:17:03 2018
# Process ID: 1068
# Current directory: D:/Desktop/audio_effects+clive
# Command line: vivado.exe -gui_launcher_event rodinguilauncherevent1316 D:\Desktop\audio_effects+clive\audio_effects.xpr
# Log file: D:/Desktop/audio_effects+clive/vivado.log
# Journal file: D:/Desktop/audio_effects+clive\vivado.jou
#-----------------------------------------------------------
start_gui
open_project D:/Desktop/audio_effects+clive/audio_effects.xpr
INFO: [Project 1-313] Project file moved from 'C:/Users/Clive/Desktop/audio_effects+clive' since last save.
Scanning sources...
Finished scanning sources
INFO: [IP_Flow 19-234] Refreshing IP repositories
INFO: [IP_Flow 19-1704] No user IP repositories specified
INFO: [IP_Flow 19-2313] Loaded Vivado IP repository 'C:/Xilinx/Vivado/2016.2/data/ip'.
open_project: Time (s): cpu = 00:00:24 ; elapsed = 00:00:12 . Memory (MB): peak = 791.469 ; gain = 151.164
reset_run synth_2
launch_runs impl_2 -to_step write_bitstream
[Thu Apr 05 20:48:56 2018] Launched synth_2...
Run output will be captured here: D:/Desktop/audio_effects+clive/audio_effects.runs/synth_2/runme.log
[Thu Apr 05 20:48:56 2018] Launched impl_2...
Run output will be captured here: D:/Desktop/audio_effects+clive/audio_effects.runs/impl_2/runme.log
create_run synth_3 -flow {Vivado Synthesis 2016} -strategy Flow_AreaOptimized_high
Run is defaulting to srcset: sources_1
Run is defaulting to constrset: constrs_1
Run is defaulting to part: xc7a35tcpg236-1
create_run impl_3 -parent_run synth_3 -flow {Vivado Implementation 2016}
Run is defaulting to parent run srcset: sources_1
Run is defaulting to parent run constrset: constrs_1
Run is defaulting to parent run part: xc7a35tcpg236-1
launch_runs impl_3 -jobs 4
[Thu Apr 05 20:56:34 2018] Launched synth_3...
Run output will be captured here: D:/Desktop/audio_effects+clive/audio_effects.runs/synth_3/runme.log
[Thu Apr 05 20:56:34 2018] Launched impl_3...
Run output will be captured here: D:/Desktop/audio_effects+clive/audio_effects.runs/impl_3/runme.log
current_run [get_runs impl_3]
launch_runs impl_3 -to_step write_bitstream
[Thu Apr 05 21:09:13 2018] Launched impl_3...
Run output will be captured here: D:/Desktop/audio_effects+clive/audio_effects.runs/impl_3/runme.log
open_hw
connect_hw_server
INFO: [Labtools 27-2285] Connecting to hw_server url TCP:localhost:3121
INFO: [Labtools 27-2222] Launching hw_server...
INFO: [Labtools 27-2221] Launch Output:

****** Xilinx hw_server v2016.2
  **** Build date : Jun  2 2016-16:57:03
    ** Copyright 1986-2016 Xilinx, Inc. All Rights Reserved.


open_hw_target
INFO: [Labtoolstcl 44-466] Opening hw_target localhost:3121/xilinx_tcf/Digilent/210183713891A
set_property PROGRAM.FILE {D:/Desktop/audio_effects+clive/audio_effects.runs/impl_3/AUDIO_FX_TOP.bit} [lindex [get_hw_devices] 0]
current_hw_device [lindex [get_hw_devices] 0]
refresh_hw_device -update_hw_probes false [lindex [get_hw_devices] 0]
INFO: [Labtools 27-1434] Device xc7a35t (JTAG device index = 0) is programmed with a design that has no supported debug core(s) in it.
WARNING: [Labtools 27-3123] The debug hub core was not detected at User Scan Chain 1 or 3.
Resolution: 
1. Make sure the clock connected to the debug hub (dbg_hub) core is a free running clock and is active OR
2. Manually launch hw_server with -e "set xsdb-user-bscan <C_USER_SCAN_CHAIN scan_chain_number>" to detect the debug hub at User Scan Chain of 2 or 4. To determine the user scan chain setting, open the implemented design and use: get_property C_USER_SCAN_CHAIN [get_debug_cores dbg_hub].
set_property PROBES.FILE {} [lindex [get_hw_devices] 0]
set_property PROGRAM.FILE {D:/Desktop/audio_effects+clive/audio_effects.runs/impl_3/AUDIO_FX_TOP.bit} [lindex [get_hw_devices] 0]
program_hw_devices [lindex [get_hw_devices] 0]
INFO: [Labtools 27-3164] End of startup status: HIGH
refresh_hw_device [lindex [get_hw_devices] 0]
INFO: [Labtools 27-1434] Device xc7a35t (JTAG device index = 0) is programmed with a design that has no supported debug core(s) in it.
WARNING: [Labtools 27-3123] The debug hub core was not detected at User Scan Chain 1 or 3.
Resolution: 
1. Make sure the clock connected to the debug hub (dbg_hub) core is a free running clock and is active OR
2. Manually launch hw_server with -e "set xsdb-user-bscan <C_USER_SCAN_CHAIN scan_chain_number>" to detect the debug hub at User Scan Chain of 2 or 4. To determine the user scan chain setting, open the implemented design and use: get_property C_USER_SCAN_CHAIN [get_debug_cores dbg_hub].
reset_run synth_3
launch_runs impl_3 -to_step write_bitstream
[Thu Apr 05 21:13:26 2018] Launched synth_3...
Run output will be captured here: D:/Desktop/audio_effects+clive/audio_effects.runs/synth_3/runme.log
[Thu Apr 05 21:13:26 2018] Launched impl_3...
Run output will be captured here: D:/Desktop/audio_effects+clive/audio_effects.runs/impl_3/runme.log
close_hw
reset_run synth_3
launch_runs synth_3
[Thu Apr 05 21:16:47 2018] Launched synth_3...
Run output will be captured here: D:/Desktop/audio_effects+clive/audio_effects.runs/synth_3/runme.log
reset_run synth_3
WARNING: [Vivado 12-1017] Problems encountered:
1. PID not specified

launch_runs impl_3 -to_step write_bitstream
[Thu Apr 05 21:16:50 2018] Launched synth_3...
Run output will be captured here: D:/Desktop/audio_effects+clive/audio_effects.runs/synth_3/runme.log
[Thu Apr 05 21:16:51 2018] Launched impl_3...
Run output will be captured here: D:/Desktop/audio_effects+clive/audio_effects.runs/impl_3/runme.log
close [ open D:/Desktop/audio_effects+clive/audio_effects.srcs/sources_1/new/test_bits.v w ]
add_files D:/Desktop/audio_effects+clive/audio_effects.srcs/sources_1/new/test_bits.v
reset_run synth_3
WARNING: [Vivado 12-1017] Problems encountered:
1. PID not specified

launch_runs synth_3
[Thu Apr 05 21:36:59 2018] Launched synth_3...
Run output will be captured here: D:/Desktop/audio_effects+clive/audio_effects.runs/synth_3/runme.log
reset_run synth_3
WARNING: [Vivado 12-1017] Problems encountered:
1. PID not specified

launch_runs impl_3 -to_step write_bitstream
[Thu Apr 05 21:37:02 2018] Launched synth_3...
Run output will be captured here: D:/Desktop/audio_effects+clive/audio_effects.runs/synth_3/runme.log
[Thu Apr 05 21:37:03 2018] Launched impl_3...
Run output will be captured here: D:/Desktop/audio_effects+clive/audio_effects.runs/impl_3/runme.log
reset_run synth_2
launch_runs synth_2 -jobs 4
[Thu Apr 05 21:49:20 2018] Launched synth_2...
Run output will be captured here: D:/Desktop/audio_effects+clive/audio_effects.runs/synth_2/runme.log
reset_run synth_2
launch_runs synth_2 -jobs 4
[Thu Apr 05 21:52:36 2018] Launched synth_2...
Run output will be captured here: D:/Desktop/audio_effects+clive/audio_effects.runs/synth_2/runme.log
launch_runs impl_2 -jobs 4
[Thu Apr 05 22:00:25 2018] Launched impl_2...
Run output will be captured here: D:/Desktop/audio_effects+clive/audio_effects.runs/impl_2/runme.log
reset_run synth_2
reset_run impl_2
launch_runs synth_2 impl_2 -jobs 4
[Thu Apr 05 22:04:25 2018] Launched synth_2...
Run output will be captured here: D:/Desktop/audio_effects+clive/audio_effects.runs/synth_2/runme.log
[Thu Apr 05 22:04:25 2018] Launched synth_2, impl_2...
Run output will be captured here:
synth_2: D:/Desktop/audio_effects+clive/audio_effects.runs/synth_2/runme.log
impl_2: D:/Desktop/audio_effects+clive/audio_effects.runs/impl_2/runme.log
current_run [get_runs synth_2]
launch_runs impl_2 -to_step write_bitstream -jobs 4
[Thu Apr 05 22:07:24 2018] Launched impl_2...
Run output will be captured here: D:/Desktop/audio_effects+clive/audio_effects.runs/impl_2/runme.log
open_hw
connect_hw_server
INFO: [Labtools 27-2285] Connecting to hw_server url TCP:localhost:3121
INFO: [Labtools 27-2222] Launching hw_server...
INFO: [Labtools 27-2221] Launch Output:

****** Xilinx hw_server v2016.2
  **** Build date : Jun  2 2016-16:57:03
    ** Copyright 1986-2016 Xilinx, Inc. All Rights Reserved.


connect_hw_server: Time (s): cpu = 00:00:00 ; elapsed = 00:00:07 . Memory (MB): peak = 1207.766 ; gain = 0.000
open_hw_target
INFO: [Labtoolstcl 44-466] Opening hw_target localhost:3121/xilinx_tcf/Digilent/210183713891A
set_property PROGRAM.FILE {D:/Desktop/audio_effects+clive/audio_effects.runs/impl_2/AUDIO_FX_TOP.bit} [lindex [get_hw_devices] 0]
current_hw_device [lindex [get_hw_devices] 0]
refresh_hw_device -update_hw_probes false [lindex [get_hw_devices] 0]
INFO: [Labtools 27-1434] Device xc7a35t (JTAG device index = 0) is programmed with a design that has no supported debug core(s) in it.
WARNING: [Labtools 27-3123] The debug hub core was not detected at User Scan Chain 1 or 3.
Resolution: 
1. Make sure the clock connected to the debug hub (dbg_hub) core is a free running clock and is active OR
2. Manually launch hw_server with -e "set xsdb-user-bscan <C_USER_SCAN_CHAIN scan_chain_number>" to detect the debug hub at User Scan Chain of 2 or 4. To determine the user scan chain setting, open the implemented design and use: get_property C_USER_SCAN_CHAIN [get_debug_cores dbg_hub].
set_property PROBES.FILE {} [lindex [get_hw_devices] 0]
set_property PROGRAM.FILE {D:/Desktop/audio_effects+clive/audio_effects.runs/impl_2/AUDIO_FX_TOP.bit} [lindex [get_hw_devices] 0]
program_hw_devices [lindex [get_hw_devices] 0]
INFO: [Labtools 27-3164] End of startup status: HIGH
refresh_hw_device [lindex [get_hw_devices] 0]
INFO: [Labtools 27-1434] Device xc7a35t (JTAG device index = 0) is programmed with a design that has no supported debug core(s) in it.
WARNING: [Labtools 27-3123] The debug hub core was not detected at User Scan Chain 1 or 3.
Resolution: 
1. Make sure the clock connected to the debug hub (dbg_hub) core is a free running clock and is active OR
2. Manually launch hw_server with -e "set xsdb-user-bscan <C_USER_SCAN_CHAIN scan_chain_number>" to detect the debug hub at User Scan Chain of 2 or 4. To determine the user scan chain setting, open the implemented design and use: get_property C_USER_SCAN_CHAIN [get_debug_cores dbg_hub].
close_hw
reset_run impl_3
launch_runs impl_3 -jobs 4
[Thu Apr 05 22:16:34 2018] Launched synth_3...
Run output will be captured here: D:/Desktop/audio_effects+clive/audio_effects.runs/synth_3/runme.log
[Thu Apr 05 22:16:34 2018] Launched impl_3...
Run output will be captured here: D:/Desktop/audio_effects+clive/audio_effects.runs/impl_3/runme.log
reset_run synth_2
launch_runs impl_2 -to_step write_bitstream -jobs 4
[Thu Apr 05 22:16:49 2018] Launched synth_2...
Run output will be captured here: D:/Desktop/audio_effects+clive/audio_effects.runs/synth_2/runme.log
[Thu Apr 05 22:16:49 2018] Launched impl_2...
Run output will be captured here: D:/Desktop/audio_effects+clive/audio_effects.runs/impl_2/runme.log
reset_run synth_2
launch_runs synth_2 -jobs 4
[Thu Apr 05 22:19:00 2018] Launched synth_2...
Run output will be captured here: D:/Desktop/audio_effects+clive/audio_effects.runs/synth_2/runme.log
reset_run synth_2
WARNING: [Vivado 12-1017] Problems encountered:
1. PID not specified

launch_runs impl_2 -to_step write_bitstream -jobs 4
[Thu Apr 05 22:19:03 2018] Launched synth_2...
Run output will be captured here: D:/Desktop/audio_effects+clive/audio_effects.runs/synth_2/runme.log
[Thu Apr 05 22:19:03 2018] Launched impl_2...
Run output will be captured here: D:/Desktop/audio_effects+clive/audio_effects.runs/impl_2/runme.log
reset_run synth_2
launch_runs impl_2 -to_step write_bitstream -jobs 4
[Thu Apr 05 22:24:06 2018] Launched synth_2...
Run output will be captured here: D:/Desktop/audio_effects+clive/audio_effects.runs/synth_2/runme.log
[Thu Apr 05 22:24:06 2018] Launched impl_2...
Run output will be captured here: D:/Desktop/audio_effects+clive/audio_effects.runs/impl_2/runme.log
reset_run synth_2
launch_runs impl_2 -to_step write_bitstream -jobs 4
[Thu Apr 05 22:29:42 2018] Launched synth_2...
Run output will be captured here: D:/Desktop/audio_effects+clive/audio_effects.runs/synth_2/runme.log
[Thu Apr 05 22:29:42 2018] Launched impl_2...
Run output will be captured here: D:/Desktop/audio_effects+clive/audio_effects.runs/impl_2/runme.log
reset_run impl_3
launch_runs impl_3 -jobs 4
[Thu Apr 05 22:32:43 2018] Launched synth_3...
Run output will be captured here: D:/Desktop/audio_effects+clive/audio_effects.runs/synth_3/runme.log
[Thu Apr 05 22:32:43 2018] Launched impl_3...
Run output will be captured here: D:/Desktop/audio_effects+clive/audio_effects.runs/impl_3/runme.log
create_run Fast_run -flow {Vivado Synthesis 2016} -strategy Flow_RuntimeOptimized
Run is defaulting to srcset: sources_1
Run is defaulting to constrset: constrs_1
Run is defaulting to part: xc7a35tcpg236-1
create_run Fast_run -parent_run Fast_run -flow {Vivado Implementation 2016}
ERROR: [Common 17-69] Command failed: A run named 'Fast_run' already exists. Please specify a unique name.
delete_runs "Fast_run"
create_run synth_fast -flow {Vivado Synthesis 2016}
Run is defaulting to srcset: sources_1
Run is defaulting to constrset: constrs_1
Run is defaulting to part: xc7a35tcpg236-1
create_run impl_fast -parent_run synth_fast -flow {Vivado Implementation 2016}
Run is defaulting to parent run srcset: sources_1
Run is defaulting to parent run constrset: constrs_1
Run is defaulting to parent run part: xc7a35tcpg236-1
launch_runs impl_fast -jobs 4
[Thu Apr 05 22:37:38 2018] Launched synth_fast...
Run output will be captured here: D:/Desktop/audio_effects+clive/audio_effects.runs/synth_fast/runme.log
[Thu Apr 05 22:37:38 2018] Launched impl_fast...
Run output will be captured here: D:/Desktop/audio_effects+clive/audio_effects.runs/impl_fast/runme.log
open_hw
connect_hw_server
INFO: [Labtools 27-2285] Connecting to hw_server url TCP:localhost:3121
INFO: [Labtools 27-2222] Launching hw_server...
INFO: [Labtools 27-2221] Launch Output:

****** Xilinx hw_server v2016.2
  **** Build date : Jun  2 2016-16:57:03
    ** Copyright 1986-2016 Xilinx, Inc. All Rights Reserved.


connect_hw_server: Time (s): cpu = 00:00:01 ; elapsed = 00:00:07 . Memory (MB): peak = 1219.391 ; gain = 0.000
open_hw_target
INFO: [Labtoolstcl 44-466] Opening hw_target localhost:3121/xilinx_tcf/Digilent/210183713891A
set_property PROGRAM.FILE {D:/Desktop/audio_effects+clive/audio_effects.runs/impl_2/AUDIO_FX_TOP.bit} [lindex [get_hw_devices] 0]
current_hw_device [lindex [get_hw_devices] 0]
refresh_hw_device -update_hw_probes false [lindex [get_hw_devices] 0]
INFO: [Labtools 27-1434] Device xc7a35t (JTAG device index = 0) is programmed with a design that has no supported debug core(s) in it.
WARNING: [Labtools 27-3123] The debug hub core was not detected at User Scan Chain 1 or 3.
Resolution: 
1. Make sure the clock connected to the debug hub (dbg_hub) core is a free running clock and is active OR
2. Manually launch hw_server with -e "set xsdb-user-bscan <C_USER_SCAN_CHAIN scan_chain_number>" to detect the debug hub at User Scan Chain of 2 or 4. To determine the user scan chain setting, open the implemented design and use: get_property C_USER_SCAN_CHAIN [get_debug_cores dbg_hub].
set_property PROBES.FILE {} [lindex [get_hw_devices] 0]
set_property PROGRAM.FILE {D:/Desktop/audio_effects+clive/audio_effects.runs/impl_2/AUDIO_FX_TOP.bit} [lindex [get_hw_devices] 0]
program_hw_devices [lindex [get_hw_devices] 0]
INFO: [Labtools 27-3164] End of startup status: HIGH
refresh_hw_device [lindex [get_hw_devices] 0]
INFO: [Labtools 27-1434] Device xc7a35t (JTAG device index = 0) is programmed with a design that has no supported debug core(s) in it.
WARNING: [Labtools 27-3123] The debug hub core was not detected at User Scan Chain 1 or 3.
Resolution: 
1. Make sure the clock connected to the debug hub (dbg_hub) core is a free running clock and is active OR
2. Manually launch hw_server with -e "set xsdb-user-bscan <C_USER_SCAN_CHAIN scan_chain_number>" to detect the debug hub at User Scan Chain of 2 or 4. To determine the user scan chain setting, open the implemented design and use: get_property C_USER_SCAN_CHAIN [get_debug_cores dbg_hub].
close_hw
current_run [get_runs synth_fast]
set_property strategy Flow_RuntimeOptimized [get_runs synth_fast]
set_property strategy Flow_Quick [get_runs impl_fast]
reset_run synth_fast
launch_runs synth_fast -jobs 4
[Thu Apr 05 22:45:02 2018] Launched synth_fast...
Run output will be captured here: D:/Desktop/audio_effects+clive/audio_effects.runs/synth_fast/runme.log
launch_runs impl_fast -jobs 4
[Thu Apr 05 22:45:07 2018] Launched synth_fast...
Run output will be captured here: D:/Desktop/audio_effects+clive/audio_effects.runs/synth_fast/runme.log
[Thu Apr 05 22:45:07 2018] Launched impl_fast...
Run output will be captured here: D:/Desktop/audio_effects+clive/audio_effects.runs/impl_fast/runme.log
current_run [get_runs synth_1]
current_run [get_runs synth_2]
current_run [get_runs synth_3]
current_run [get_runs synth_fast]
open_hw
connect_hw_server
INFO: [Labtools 27-2285] Connecting to hw_server url TCP:localhost:3121
INFO: [Labtools 27-2222] Launching hw_server...
INFO: [Labtools 27-2221] Launch Output:

****** Xilinx hw_server v2016.2
  **** Build date : Jun  2 2016-16:57:03
    ** Copyright 1986-2016 Xilinx, Inc. All Rights Reserved.


connect_hw_server: Time (s): cpu = 00:00:00 ; elapsed = 00:00:07 . Memory (MB): peak = 1219.391 ; gain = 0.000
open_hw_target
INFO: [Labtoolstcl 44-466] Opening hw_target localhost:3121/xilinx_tcf/Digilent/210183713891A
set_property PROGRAM.FILE {D:/Desktop/audio_effects+clive/audio_effects.runs/impl_2/AUDIO_FX_TOP.bit} [lindex [get_hw_devices] 0]
current_hw_device [lindex [get_hw_devices] 0]
refresh_hw_device -update_hw_probes false [lindex [get_hw_devices] 0]
INFO: [Labtools 27-1434] Device xc7a35t (JTAG device index = 0) is programmed with a design that has no supported debug core(s) in it.
WARNING: [Labtools 27-3123] The debug hub core was not detected at User Scan Chain 1 or 3.
Resolution: 
1. Make sure the clock connected to the debug hub (dbg_hub) core is a free running clock and is active OR
2. Manually launch hw_server with -e "set xsdb-user-bscan <C_USER_SCAN_CHAIN scan_chain_number>" to detect the debug hub at User Scan Chain of 2 or 4. To determine the user scan chain setting, open the implemented design and use: get_property C_USER_SCAN_CHAIN [get_debug_cores dbg_hub].
set_property PROBES.FILE {} [lindex [get_hw_devices] 0]
set_property PROGRAM.FILE {D:/Desktop/audio_effects+clive/audio_effects.runs/impl_2/AUDIO_FX_TOP.bit} [lindex [get_hw_devices] 0]
program_hw_devices [lindex [get_hw_devices] 0]
INFO: [Labtools 27-3164] End of startup status: HIGH
refresh_hw_device [lindex [get_hw_devices] 0]
INFO: [Labtools 27-1434] Device xc7a35t (JTAG device index = 0) is programmed with a design that has no supported debug core(s) in it.
WARNING: [Labtools 27-3123] The debug hub core was not detected at User Scan Chain 1 or 3.
Resolution: 
1. Make sure the clock connected to the debug hub (dbg_hub) core is a free running clock and is active OR
2. Manually launch hw_server with -e "set xsdb-user-bscan <C_USER_SCAN_CHAIN scan_chain_number>" to detect the debug hub at User Scan Chain of 2 or 4. To determine the user scan chain setting, open the implemented design and use: get_property C_USER_SCAN_CHAIN [get_debug_cores dbg_hub].
close_hw
reset_run synth_fast
launch_runs impl_fast -to_step write_bitstream -jobs 4
[Thu Apr 05 22:52:38 2018] Launched synth_fast...
Run output will be captured here: D:/Desktop/audio_effects+clive/audio_effects.runs/synth_fast/runme.log
[Thu Apr 05 22:52:38 2018] Launched impl_fast...
Run output will be captured here: D:/Desktop/audio_effects+clive/audio_effects.runs/impl_fast/runme.log
reset_run synth_fast
launch_runs synth_fast -jobs 4
[Thu Apr 05 22:58:16 2018] Launched synth_fast...
Run output will be captured here: D:/Desktop/audio_effects+clive/audio_effects.runs/synth_fast/runme.log
reset_run synth_fast
WARNING: [Vivado 12-1017] Problems encountered:
1. PID not specified

launch_runs impl_fast -to_step write_bitstream -jobs 4
[Thu Apr 05 22:58:20 2018] Launched synth_fast...
Run output will be captured here: D:/Desktop/audio_effects+clive/audio_effects.runs/synth_fast/runme.log
[Thu Apr 05 22:58:20 2018] Launched impl_fast...
Run output will be captured here: D:/Desktop/audio_effects+clive/audio_effects.runs/impl_fast/runme.log
open_hw
connect_hw_server
INFO: [Labtools 27-2285] Connecting to hw_server url TCP:localhost:3121
INFO: [Labtools 27-2222] Launching hw_server...
INFO: [Labtools 27-2221] Launch Output:

****** Xilinx hw_server v2016.2
  **** Build date : Jun  2 2016-16:57:03
    ** Copyright 1986-2016 Xilinx, Inc. All Rights Reserved.


connect_hw_server: Time (s): cpu = 00:00:00 ; elapsed = 00:00:07 . Memory (MB): peak = 1219.391 ; gain = 0.000
open_hw_target
INFO: [Labtoolstcl 44-466] Opening hw_target localhost:3121/xilinx_tcf/Digilent/210183713891A
set_property PROGRAM.FILE {D:/Desktop/audio_effects+clive/audio_effects.runs/impl_2/AUDIO_FX_TOP.bit} [lindex [get_hw_devices] 0]
current_hw_device [lindex [get_hw_devices] 0]
refresh_hw_device -update_hw_probes false [lindex [get_hw_devices] 0]
INFO: [Labtools 27-1434] Device xc7a35t (JTAG device index = 0) is programmed with a design that has no supported debug core(s) in it.
WARNING: [Labtools 27-3123] The debug hub core was not detected at User Scan Chain 1 or 3.
Resolution: 
1. Make sure the clock connected to the debug hub (dbg_hub) core is a free running clock and is active OR
2. Manually launch hw_server with -e "set xsdb-user-bscan <C_USER_SCAN_CHAIN scan_chain_number>" to detect the debug hub at User Scan Chain of 2 or 4. To determine the user scan chain setting, open the implemented design and use: get_property C_USER_SCAN_CHAIN [get_debug_cores dbg_hub].
set_property PROBES.FILE {} [lindex [get_hw_devices] 0]
set_property PROGRAM.FILE {D:/Desktop/audio_effects+clive/audio_effects.runs/impl_2/AUDIO_FX_TOP.bit} [lindex [get_hw_devices] 0]
program_hw_devices [lindex [get_hw_devices] 0]
INFO: [Labtools 27-3164] End of startup status: HIGH
refresh_hw_device [lindex [get_hw_devices] 0]
INFO: [Labtools 27-1434] Device xc7a35t (JTAG device index = 0) is programmed with a design that has no supported debug core(s) in it.
WARNING: [Labtools 27-3123] The debug hub core was not detected at User Scan Chain 1 or 3.
Resolution: 
1. Make sure the clock connected to the debug hub (dbg_hub) core is a free running clock and is active OR
2. Manually launch hw_server with -e "set xsdb-user-bscan <C_USER_SCAN_CHAIN scan_chain_number>" to detect the debug hub at User Scan Chain of 2 or 4. To determine the user scan chain setting, open the implemented design and use: get_property C_USER_SCAN_CHAIN [get_debug_cores dbg_hub].
close_hw
reset_run synth_fast
launch_runs impl_fast -to_step write_bitstream -jobs 4
[Thu Apr 05 23:11:03 2018] Launched synth_fast...
Run output will be captured here: D:/Desktop/audio_effects+clive/audio_effects.runs/synth_fast/runme.log
[Thu Apr 05 23:11:03 2018] Launched impl_fast...
Run output will be captured here: D:/Desktop/audio_effects+clive/audio_effects.runs/impl_fast/runme.log
open_hw
connect_hw_server
INFO: [Labtools 27-2285] Connecting to hw_server url TCP:localhost:3121
INFO: [Labtools 27-2222] Launching hw_server...
INFO: [Labtools 27-2221] Launch Output:

****** Xilinx hw_server v2016.2
  **** Build date : Jun  2 2016-16:57:03
    ** Copyright 1986-2016 Xilinx, Inc. All Rights Reserved.


connect_hw_server: Time (s): cpu = 00:00:01 ; elapsed = 00:00:07 . Memory (MB): peak = 1219.391 ; gain = 0.000
open_hw_target
INFO: [Labtoolstcl 44-466] Opening hw_target localhost:3121/xilinx_tcf/Digilent/210183713891A
set_property PROGRAM.FILE {D:/Desktop/audio_effects+clive/audio_effects.runs/impl_2/AUDIO_FX_TOP.bit} [lindex [get_hw_devices] 0]
current_hw_device [lindex [get_hw_devices] 0]
refresh_hw_device -update_hw_probes false [lindex [get_hw_devices] 0]
INFO: [Labtools 27-1434] Device xc7a35t (JTAG device index = 0) is programmed with a design that has no supported debug core(s) in it.
WARNING: [Labtools 27-3123] The debug hub core was not detected at User Scan Chain 1 or 3.
Resolution: 
1. Make sure the clock connected to the debug hub (dbg_hub) core is a free running clock and is active OR
2. Manually launch hw_server with -e "set xsdb-user-bscan <C_USER_SCAN_CHAIN scan_chain_number>" to detect the debug hub at User Scan Chain of 2 or 4. To determine the user scan chain setting, open the implemented design and use: get_property C_USER_SCAN_CHAIN [get_debug_cores dbg_hub].
set_property PROBES.FILE {} [lindex [get_hw_devices] 0]
set_property PROGRAM.FILE {D:/Desktop/audio_effects+clive/audio_effects.runs/impl_fast/AUDIO_FX_TOP.bit} [lindex [get_hw_devices] 0]
program_hw_devices [lindex [get_hw_devices] 0]
INFO: [Labtools 27-3164] End of startup status: HIGH
refresh_hw_device [lindex [get_hw_devices] 0]
INFO: [Labtools 27-1434] Device xc7a35t (JTAG device index = 0) is programmed with a design that has no supported debug core(s) in it.
WARNING: [Labtools 27-3123] The debug hub core was not detected at User Scan Chain 1 or 3.
Resolution: 
1. Make sure the clock connected to the debug hub (dbg_hub) core is a free running clock and is active OR
2. Manually launch hw_server with -e "set xsdb-user-bscan <C_USER_SCAN_CHAIN scan_chain_number>" to detect the debug hub at User Scan Chain of 2 or 4. To determine the user scan chain setting, open the implemented design and use: get_property C_USER_SCAN_CHAIN [get_debug_cores dbg_hub].
close_hw
reset_run synth_2
reset_run impl_2
launch_runs synth_2 impl_2 -jobs 4
[Thu Apr 05 23:20:47 2018] Launched synth_2...
Run output will be captured here: D:/Desktop/audio_effects+clive/audio_effects.runs/synth_2/runme.log
[Thu Apr 05 23:20:47 2018] Launched synth_2, impl_2...
Run output will be captured here:
synth_2: D:/Desktop/audio_effects+clive/audio_effects.runs/synth_2/runme.log
impl_2: D:/Desktop/audio_effects+clive/audio_effects.runs/impl_2/runme.log
reset_run synth_fast
launch_runs impl_fast -to_step write_bitstream -jobs 4
[Thu Apr 05 23:24:02 2018] Launched synth_fast...
Run output will be captured here: D:/Desktop/audio_effects+clive/audio_effects.runs/synth_fast/runme.log
[Thu Apr 05 23:24:02 2018] Launched impl_fast...
Run output will be captured here: D:/Desktop/audio_effects+clive/audio_effects.runs/impl_fast/runme.log
reset_run synth_fast
launch_runs synth_fast -jobs 4
[Thu Apr 05 23:28:56 2018] Launched synth_fast...
Run output will be captured here: D:/Desktop/audio_effects+clive/audio_effects.runs/synth_fast/runme.log
reset_run synth_fast
launch_runs impl_fast -to_step write_bitstream -jobs 4
[Thu Apr 05 23:29:08 2018] Launched synth_fast...
Run output will be captured here: D:/Desktop/audio_effects+clive/audio_effects.runs/synth_fast/runme.log
[Thu Apr 05 23:29:08 2018] Launched impl_fast...
Run output will be captured here: D:/Desktop/audio_effects+clive/audio_effects.runs/impl_fast/runme.log
open_hw
connect_hw_server
INFO: [Labtools 27-2285] Connecting to hw_server url TCP:localhost:3121
INFO: [Labtools 27-2222] Launching hw_server...
INFO: [Labtools 27-2221] Launch Output:

****** Xilinx hw_server v2016.2
  **** Build date : Jun  2 2016-16:57:03
    ** Copyright 1986-2016 Xilinx, Inc. All Rights Reserved.


connect_hw_server: Time (s): cpu = 00:00:00 ; elapsed = 00:00:07 . Memory (MB): peak = 1225.969 ; gain = 0.000
open_hw_target
INFO: [Labtoolstcl 44-466] Opening hw_target localhost:3121/xilinx_tcf/Digilent/210183713891A
set_property PROGRAM.FILE {D:/Desktop/audio_effects+clive/audio_effects.runs/impl_fast/AUDIO_FX_TOP.bit} [lindex [get_hw_devices] 0]
current_hw_device [lindex [get_hw_devices] 0]
refresh_hw_device -update_hw_probes false [lindex [get_hw_devices] 0]
INFO: [Labtools 27-1434] Device xc7a35t (JTAG device index = 0) is programmed with a design that has no supported debug core(s) in it.
WARNING: [Labtools 27-3123] The debug hub core was not detected at User Scan Chain 1 or 3.
Resolution: 
1. Make sure the clock connected to the debug hub (dbg_hub) core is a free running clock and is active OR
2. Manually launch hw_server with -e "set xsdb-user-bscan <C_USER_SCAN_CHAIN scan_chain_number>" to detect the debug hub at User Scan Chain of 2 or 4. To determine the user scan chain setting, open the implemented design and use: get_property C_USER_SCAN_CHAIN [get_debug_cores dbg_hub].
set_property PROBES.FILE {} [lindex [get_hw_devices] 0]
set_property PROGRAM.FILE {D:/Desktop/audio_effects+clive/audio_effects.runs/impl_fast/AUDIO_FX_TOP.bit} [lindex [get_hw_devices] 0]
program_hw_devices [lindex [get_hw_devices] 0]
INFO: [Labtools 27-3164] End of startup status: HIGH
refresh_hw_device [lindex [get_hw_devices] 0]
INFO: [Labtools 27-1434] Device xc7a35t (JTAG device index = 0) is programmed with a design that has no supported debug core(s) in it.
WARNING: [Labtools 27-3123] The debug hub core was not detected at User Scan Chain 1 or 3.
Resolution: 
1. Make sure the clock connected to the debug hub (dbg_hub) core is a free running clock and is active OR
2. Manually launch hw_server with -e "set xsdb-user-bscan <C_USER_SCAN_CHAIN scan_chain_number>" to detect the debug hub at User Scan Chain of 2 or 4. To determine the user scan chain setting, open the implemented design and use: get_property C_USER_SCAN_CHAIN [get_debug_cores dbg_hub].
reset_run synth_fast
launch_runs impl_fast -to_step write_bitstream -jobs 4
[Thu Apr 05 23:44:16 2018] Launched synth_fast...
Run output will be captured here: D:/Desktop/audio_effects+clive/audio_effects.runs/synth_fast/runme.log
[Thu Apr 05 23:44:16 2018] Launched impl_fast...
Run output will be captured here: D:/Desktop/audio_effects+clive/audio_effects.runs/impl_fast/runme.log
reset_run synth_fast
launch_runs synth_fast -jobs 4
[Thu Apr 05 23:44:33 2018] Launched synth_fast...
Run output will be captured here: D:/Desktop/audio_effects+clive/audio_effects.runs/synth_fast/runme.log
reset_run synth_fast
WARNING: [Vivado 12-1017] Problems encountered:
1. PID not specified

launch_runs impl_fast -to_step write_bitstream -jobs 4
[Thu Apr 05 23:44:36 2018] Launched synth_fast...
Run output will be captured here: D:/Desktop/audio_effects+clive/audio_effects.runs/synth_fast/runme.log
[Thu Apr 05 23:44:36 2018] Launched impl_fast...
Run output will be captured here: D:/Desktop/audio_effects+clive/audio_effects.runs/impl_fast/runme.log
close_hw
open_hw
connect_hw_server
INFO: [Labtools 27-2285] Connecting to hw_server url TCP:localhost:3121
INFO: [Labtools 27-2222] Launching hw_server...
INFO: [Labtools 27-2221] Launch Output:

****** Xilinx hw_server v2016.2
  **** Build date : Jun  2 2016-16:57:03
    ** Copyright 1986-2016 Xilinx, Inc. All Rights Reserved.


connect_hw_server: Time (s): cpu = 00:00:00 ; elapsed = 00:00:07 . Memory (MB): peak = 1225.969 ; gain = 0.000
open_hw_target
INFO: [Labtoolstcl 44-466] Opening hw_target localhost:3121/xilinx_tcf/Digilent/210183713891A
set_property PROGRAM.FILE {D:/Desktop/audio_effects+clive/audio_effects.runs/impl_fast/AUDIO_FX_TOP.bit} [lindex [get_hw_devices] 0]
current_hw_device [lindex [get_hw_devices] 0]
refresh_hw_device -update_hw_probes false [lindex [get_hw_devices] 0]
INFO: [Labtools 27-1434] Device xc7a35t (JTAG device index = 0) is programmed with a design that has no supported debug core(s) in it.
WARNING: [Labtools 27-3123] The debug hub core was not detected at User Scan Chain 1 or 3.
Resolution: 
1. Make sure the clock connected to the debug hub (dbg_hub) core is a free running clock and is active OR
2. Manually launch hw_server with -e "set xsdb-user-bscan <C_USER_SCAN_CHAIN scan_chain_number>" to detect the debug hub at User Scan Chain of 2 or 4. To determine the user scan chain setting, open the implemented design and use: get_property C_USER_SCAN_CHAIN [get_debug_cores dbg_hub].
set_property PROBES.FILE {} [lindex [get_hw_devices] 0]
set_property PROGRAM.FILE {D:/Desktop/audio_effects+clive/audio_effects.runs/impl_fast/AUDIO_FX_TOP.bit} [lindex [get_hw_devices] 0]
program_hw_devices [lindex [get_hw_devices] 0]
INFO: [Labtools 27-3164] End of startup status: HIGH
refresh_hw_device [lindex [get_hw_devices] 0]
INFO: [Labtools 27-1434] Device xc7a35t (JTAG device index = 0) is programmed with a design that has no supported debug core(s) in it.
WARNING: [Labtools 27-3123] The debug hub core was not detected at User Scan Chain 1 or 3.
Resolution: 
1. Make sure the clock connected to the debug hub (dbg_hub) core is a free running clock and is active OR
2. Manually launch hw_server with -e "set xsdb-user-bscan <C_USER_SCAN_CHAIN scan_chain_number>" to detect the debug hub at User Scan Chain of 2 or 4. To determine the user scan chain setting, open the implemented design and use: get_property C_USER_SCAN_CHAIN [get_debug_cores dbg_hub].
reset_run synth_fast
launch_runs impl_fast -to_step write_bitstream -jobs 4
[Thu Apr 05 23:52:31 2018] Launched synth_fast...
Run output will be captured here: D:/Desktop/audio_effects+clive/audio_effects.runs/synth_fast/runme.log
[Thu Apr 05 23:52:31 2018] Launched impl_fast...
Run output will be captured here: D:/Desktop/audio_effects+clive/audio_effects.runs/impl_fast/runme.log
reset_run synth_fast
launch_runs impl_fast -to_step write_bitstream -jobs 4
[Thu Apr 05 23:53:03 2018] Launched synth_fast...
Run output will be captured here: D:/Desktop/audio_effects+clive/audio_effects.runs/synth_fast/runme.log
[Thu Apr 05 23:53:03 2018] Launched impl_fast...
Run output will be captured here: D:/Desktop/audio_effects+clive/audio_effects.runs/impl_fast/runme.log
reset_run impl_3
reset_run synth_3
WARNING: [Vivado 12-1017] Problems encountered:
1. PID not specified

reset_run impl_fast
exit
INFO: [Common 17-206] Exiting Vivado at Thu Apr 05 23:57:44 2018...
