Copyright 1986-2016 Xilinx, Inc. All Rights Reserved.
----------------------------------------------------------------------------------------------------------------------------------------------------------
| Tool Version     : Vivado v.2016.2 (win64) Build 1577090 Thu Jun  2 16:32:40 MDT 2016
| Date             : Fri Apr 06 10:30:22 2018
| Host             : TerenceNeo-PC running 64-bit major release  (build 9200)
| Command          : report_power -file AUDIO_FX_TOP_power_routed.rpt -pb AUDIO_FX_TOP_power_summary_routed.pb -rpx AUDIO_FX_TOP_power_routed.rpx
| Design           : AUDIO_FX_TOP
| Device           : xc7a35tcpg236-1
| Design State     : routed
| Grade            : commercial
| Process          : typical
| Characterization : Production
----------------------------------------------------------------------------------------------------------------------------------------------------------

Power Report

Table of Contents
-----------------
1. Summary
1.1 On-Chip Components
1.2 Power Supply Summary
1.3 Confidence Level
2. Settings
2.1 Environment
2.2 Clock Constraints
3. Detailed Reports
3.1 By Hierarchy

1. Summary
----------

+--------------------------+-------+
| Total On-Chip Power (W)  | 0.161 |
| Dynamic (W)              | 0.089 |
| Device Static (W)        | 0.072 |
| Effective TJA (C/W)      | 5.0   |
| Max Ambient (C)          | 84.2  |
| Junction Temperature (C) | 25.8  |
| Confidence Level         | Low   |
| Setting File             | ---   |
| Simulation Activity File | ---   |
| Design Nets Matched      | NA    |
+--------------------------+-------+


1.1 On-Chip Components
----------------------

+--------------------------+-----------+----------+-----------+-----------------+
| On-Chip                  | Power (W) | Used     | Available | Utilization (%) |
+--------------------------+-----------+----------+-----------+-----------------+
| Clocks                   |     0.015 |        3 |       --- |             --- |
| Slice Logic              |     0.018 |    29161 |       --- |             --- |
|   LUT as Logic           |     0.015 |    12230 |     20800 |           58.80 |
|   CARRY4                 |     0.002 |     1338 |      8150 |           16.42 |
|   Register               |    <0.001 |     4925 |     41600 |           11.84 |
|   F7/F8 Muxes            |    <0.001 |     1155 |     32600 |            3.54 |
|   Others                 |     0.000 |      355 |       --- |             --- |
|   LUT as Distributed RAM |     0.000 |     6256 |      9600 |           65.17 |
| Signals                  |     0.017 |    20234 |       --- |             --- |
| Block RAM                |     0.000 |        3 |        50 |            6.00 |
| DSPs                     |     0.000 |        2 |        90 |            2.22 |
| I/O                      |     0.038 |       50 |       106 |           47.17 |
| Static Power             |     0.072 |          |           |                 |
| Total                    |     0.161 |          |           |                 |
+--------------------------+-----------+----------+-----------+-----------------+


1.2 Power Supply Summary
------------------------

+-----------+-------------+-----------+-------------+------------+
| Source    | Voltage (V) | Total (A) | Dynamic (A) | Static (A) |
+-----------+-------------+-----------+-------------+------------+
| Vccint    |       1.000 |     0.060 |       0.051 |      0.010 |
| Vccaux    |       1.800 |     0.014 |       0.001 |      0.013 |
| Vcco33    |       3.300 |     0.012 |       0.011 |      0.001 |
| Vcco25    |       2.500 |     0.000 |       0.000 |      0.000 |
| Vcco18    |       1.800 |     0.000 |       0.000 |      0.000 |
| Vcco15    |       1.500 |     0.000 |       0.000 |      0.000 |
| Vcco135   |       1.350 |     0.000 |       0.000 |      0.000 |
| Vcco12    |       1.200 |     0.000 |       0.000 |      0.000 |
| Vccaux_io |       1.800 |     0.000 |       0.000 |      0.000 |
| Vccbram   |       1.000 |     0.000 |       0.000 |      0.000 |
| MGTAVcc   |       1.000 |     0.000 |       0.000 |      0.000 |
| MGTAVtt   |       1.200 |     0.000 |       0.000 |      0.000 |
| Vccadc    |       1.800 |     0.020 |       0.000 |      0.020 |
+-----------+-------------+-----------+-------------+------------+


1.3 Confidence Level
--------------------

+-----------------------------+------------+--------------------------------------------------------+--------------------------------------------------------------------------------------------------------------------+
| User Input Data             | Confidence | Details                                                | Action                                                                                                             |
+-----------------------------+------------+--------------------------------------------------------+--------------------------------------------------------------------------------------------------------------------+
| Design implementation state | High       | Design is routed                                       |                                                                                                                    |
| Clock nodes activity        | Low        | User specified less than 75% of clocks                 | Provide missing clock activity with a constraint file, simulation results or by editing the "By Clock Domain" view |
| I/O nodes activity          | Low        | More than 75% of inputs are missing user specification | Provide missing input activity with simulation results or by editing the "By Resource Type -> I/Os" view           |
| Internal nodes activity     | Medium     | User specified less than 25% of internal nodes         | Provide missing internal nodes activity with simulation results or by editing the "By Resource Type" views         |
| Device models               | High       | Device models are Production                           |                                                                                                                    |
|                             |            |                                                        |                                                                                                                    |
| Overall confidence level    | Low        |                                                        |                                                                                                                    |
+-----------------------------+------------+--------------------------------------------------------+--------------------------------------------------------------------------------------------------------------------+


2. Settings
-----------

2.1 Environment
---------------

+-----------------------+--------------------------+
| Ambient Temp (C)      | 25.0                     |
| ThetaJA (C/W)         | 5.0                      |
| Airflow (LFM)         | 250                      |
| Heat Sink             | medium (Medium Profile)  |
| ThetaSA (C/W)         | 4.6                      |
| Board Selection       | medium (10"x10")         |
| # of Board Layers     | 12to15 (12 to 15 Layers) |
| Board Temperature (C) | 25.0                     |
+-----------------------+--------------------------+


2.2 Clock Constraints
---------------------

+-------------+--------+-----------------+
| Clock       | Domain | Constraint (ns) |
+-------------+--------+-----------------+
| sys_clk_pin | CLK    |            10.0 |
+-------------+--------+-----------------+


3. Detailed Reports
-------------------

3.1 By Hierarchy
----------------

+---------------------------------+-----------+
| Name                            | Power (W) |
+---------------------------------+-----------+
| AUDIO_FX_TOP                    |     0.089 |
|   button_left                   |    <0.001 |
|     readclk                     |    <0.001 |
|     writeclk                    |    <0.001 |
|   button_right                  |    <0.001 |
|     readclk                     |    <0.001 |
|     writeclk                    |    <0.001 |
|   clk20k                        |    <0.001 |
|   clk50M                        |    <0.001 |
|   clkcounter                    |    <0.001 |
|   delay1                        |     0.006 |
|     memory_reg_0_63_0_2         |     0.000 |
|     memory_reg_0_63_3_5         |     0.000 |
|     memory_reg_0_63_6_8         |     0.000 |
|     memory_reg_0_63_9_11        |     0.000 |
|     memory_reg_10048_10111_0_2  |     0.000 |
|     memory_reg_10048_10111_3_5  |     0.000 |
|     memory_reg_10048_10111_6_8  |     0.000 |
|     memory_reg_10048_10111_9_11 |     0.000 |
|     memory_reg_10112_10175_0_2  |     0.000 |
|     memory_reg_10112_10175_3_5  |     0.000 |
|     memory_reg_10112_10175_6_8  |     0.000 |
|     memory_reg_10112_10175_9_11 |     0.000 |
|     memory_reg_10176_10239_0_2  |     0.000 |
|     memory_reg_10176_10239_3_5  |     0.000 |
|     memory_reg_10176_10239_6_8  |     0.000 |
|     memory_reg_10176_10239_9_11 |     0.000 |
|     memory_reg_10240_10303_0_2  |     0.000 |
|     memory_reg_10240_10303_3_5  |     0.000 |
|     memory_reg_10240_10303_6_8  |     0.000 |
|     memory_reg_10240_10303_9_11 |     0.000 |
|     memory_reg_1024_1087_0_2    |     0.000 |
|     memory_reg_1024_1087_3_5    |     0.000 |
|     memory_reg_1024_1087_6_8    |     0.000 |
|     memory_reg_1024_1087_9_11   |     0.000 |
|     memory_reg_10304_10367_0_2  |     0.000 |
|     memory_reg_10304_10367_3_5  |     0.000 |
|     memory_reg_10304_10367_6_8  |     0.000 |
|     memory_reg_10304_10367_9_11 |     0.000 |
|     memory_reg_10368_10431_0_2  |     0.000 |
|     memory_reg_10368_10431_3_5  |     0.000 |
|     memory_reg_10368_10431_6_8  |     0.000 |
|     memory_reg_10368_10431_9_11 |     0.000 |
|     memory_reg_10432_10495_0_2  |     0.000 |
|     memory_reg_10432_10495_3_5  |     0.000 |
|     memory_reg_10432_10495_6_8  |     0.000 |
|     memory_reg_10432_10495_9_11 |     0.000 |
|     memory_reg_10496_10559_0_2  |     0.000 |
|     memory_reg_10496_10559_3_5  |     0.000 |
|     memory_reg_10496_10559_6_8  |     0.000 |
|     memory_reg_10496_10559_9_11 |     0.000 |
|     memory_reg_10560_10623_0_2  |     0.000 |
|     memory_reg_10560_10623_3_5  |     0.000 |
|     memory_reg_10560_10623_6_8  |     0.000 |
|     memory_reg_10560_10623_9_11 |     0.000 |
|     memory_reg_10624_10687_0_2  |     0.000 |
|     memory_reg_10624_10687_3_5  |     0.000 |
|     memory_reg_10624_10687_6_8  |     0.000 |
|     memory_reg_10624_10687_9_11 |     0.000 |
|     memory_reg_10688_10751_0_2  |     0.000 |
|     memory_reg_10688_10751_3_5  |     0.000 |
|     memory_reg_10688_10751_6_8  |     0.000 |
|     memory_reg_10688_10751_9_11 |     0.000 |
|     memory_reg_10752_10815_0_2  |     0.000 |
|     memory_reg_10752_10815_3_5  |     0.000 |
|     memory_reg_10752_10815_6_8  |     0.000 |
|     memory_reg_10752_10815_9_11 |     0.000 |
|     memory_reg_10816_10879_0_2  |     0.000 |
|     memory_reg_10816_10879_3_5  |     0.000 |
|     memory_reg_10816_10879_6_8  |     0.000 |
|     memory_reg_10816_10879_9_11 |     0.000 |
|     memory_reg_10880_10943_0_2  |     0.000 |
|     memory_reg_10880_10943_3_5  |     0.000 |
|     memory_reg_10880_10943_6_8  |     0.000 |
|     memory_reg_10880_10943_9_11 |     0.000 |
|     memory_reg_1088_1151_0_2    |     0.000 |
|     memory_reg_1088_1151_3_5    |     0.000 |
|     memory_reg_1088_1151_6_8    |     0.000 |
|     memory_reg_1088_1151_9_11   |     0.000 |
|     memory_reg_10944_11007_0_2  |     0.000 |
|     memory_reg_10944_11007_3_5  |     0.000 |
|     memory_reg_10944_11007_6_8  |     0.000 |
|     memory_reg_10944_11007_9_11 |     0.000 |
|     memory_reg_11008_11071_0_2  |     0.000 |
|     memory_reg_11008_11071_3_5  |     0.000 |
|     memory_reg_11008_11071_6_8  |     0.000 |
|     memory_reg_11008_11071_9_11 |     0.000 |
|     memory_reg_11072_11135_0_2  |     0.000 |
|     memory_reg_11072_11135_3_5  |     0.000 |
|     memory_reg_11072_11135_6_8  |     0.000 |
|     memory_reg_11072_11135_9_11 |     0.000 |
|     memory_reg_11136_11199_0_2  |     0.000 |
|     memory_reg_11136_11199_3_5  |     0.000 |
|     memory_reg_11136_11199_6_8  |     0.000 |
|     memory_reg_11136_11199_9_11 |     0.000 |
|     memory_reg_11200_11263_0_2  |     0.000 |
|     memory_reg_11200_11263_3_5  |     0.000 |
|     memory_reg_11200_11263_6_8  |     0.000 |
|     memory_reg_11200_11263_9_11 |     0.000 |
|     memory_reg_11264_11327_0_2  |     0.000 |
|     memory_reg_11264_11327_3_5  |     0.000 |
|     memory_reg_11264_11327_6_8  |     0.000 |
|     memory_reg_11264_11327_9_11 |     0.000 |
|     memory_reg_11328_11391_0_2  |     0.000 |
|     memory_reg_11328_11391_3_5  |     0.000 |
|     memory_reg_11328_11391_6_8  |     0.000 |
|     memory_reg_11328_11391_9_11 |     0.000 |
|     memory_reg_11392_11455_0_2  |     0.000 |
|     memory_reg_11392_11455_3_5  |     0.000 |
|     memory_reg_11392_11455_6_8  |     0.000 |
|     memory_reg_11392_11455_9_11 |     0.000 |
|     memory_reg_11456_11519_0_2  |     0.000 |
|     memory_reg_11456_11519_3_5  |     0.000 |
|     memory_reg_11456_11519_6_8  |     0.000 |
|     memory_reg_11456_11519_9_11 |     0.000 |
|     memory_reg_11520_11583_0_2  |     0.000 |
|     memory_reg_11520_11583_3_5  |     0.000 |
|     memory_reg_11520_11583_6_8  |     0.000 |
|     memory_reg_11520_11583_9_11 |     0.000 |
|     memory_reg_1152_1215_0_2    |     0.000 |
|     memory_reg_1152_1215_3_5    |     0.000 |
|     memory_reg_1152_1215_6_8    |     0.000 |
|     memory_reg_1152_1215_9_11   |     0.000 |
|     memory_reg_11584_11647_0_2  |     0.000 |
|     memory_reg_11584_11647_3_5  |     0.000 |
|     memory_reg_11584_11647_6_8  |     0.000 |
|     memory_reg_11584_11647_9_11 |     0.000 |
|     memory_reg_11648_11711_0_2  |     0.000 |
|     memory_reg_11648_11711_3_5  |     0.000 |
|     memory_reg_11648_11711_6_8  |     0.000 |
|     memory_reg_11648_11711_9_11 |     0.000 |
|     memory_reg_11712_11775_0_2  |     0.000 |
|     memory_reg_11712_11775_3_5  |     0.000 |
|     memory_reg_11712_11775_6_8  |     0.000 |
|     memory_reg_11712_11775_9_11 |     0.000 |
|     memory_reg_11776_11839_0_2  |     0.000 |
|     memory_reg_11776_11839_3_5  |     0.000 |
|     memory_reg_11776_11839_6_8  |     0.000 |
|     memory_reg_11776_11839_9_11 |     0.000 |
|     memory_reg_11840_11903_0_2  |     0.000 |
|     memory_reg_11840_11903_3_5  |     0.000 |
|     memory_reg_11840_11903_6_8  |     0.000 |
|     memory_reg_11840_11903_9_11 |     0.000 |
|     memory_reg_11904_11967_0_2  |     0.000 |
|     memory_reg_11904_11967_3_5  |     0.000 |
|     memory_reg_11904_11967_6_8  |     0.000 |
|     memory_reg_11904_11967_9_11 |     0.000 |
|     memory_reg_11968_12031_0_2  |     0.000 |
|     memory_reg_11968_12031_3_5  |     0.000 |
|     memory_reg_11968_12031_6_8  |     0.000 |
|     memory_reg_11968_12031_9_11 |     0.000 |
|     memory_reg_12032_12095_0_2  |     0.000 |
|     memory_reg_12032_12095_3_5  |     0.000 |
|     memory_reg_12032_12095_6_8  |     0.000 |
|     memory_reg_12032_12095_9_11 |     0.000 |
|     memory_reg_12096_12159_0_2  |     0.000 |
|     memory_reg_12096_12159_3_5  |     0.000 |
|     memory_reg_12096_12159_6_8  |     0.000 |
|     memory_reg_12096_12159_9_11 |     0.000 |
|     memory_reg_12160_12223_0_2  |     0.000 |
|     memory_reg_12160_12223_3_5  |     0.000 |
|     memory_reg_12160_12223_6_8  |     0.000 |
|     memory_reg_12160_12223_9_11 |     0.000 |
|     memory_reg_1216_1279_0_2    |     0.000 |
|     memory_reg_1216_1279_3_5    |     0.000 |
|     memory_reg_1216_1279_6_8    |     0.000 |
|     memory_reg_1216_1279_9_11   |     0.000 |
|     memory_reg_12224_12287_0_2  |     0.000 |
|     memory_reg_12224_12287_3_5  |     0.000 |
|     memory_reg_12224_12287_6_8  |     0.000 |
|     memory_reg_12224_12287_9_11 |     0.000 |
|     memory_reg_12288_12351_0_2  |     0.000 |
|     memory_reg_12288_12351_3_5  |     0.000 |
|     memory_reg_12288_12351_6_8  |     0.000 |
|     memory_reg_12288_12351_9_11 |     0.000 |
|     memory_reg_12352_12415_0_2  |     0.000 |
|     memory_reg_12352_12415_3_5  |     0.000 |
|     memory_reg_12352_12415_6_8  |     0.000 |
|     memory_reg_12352_12415_9_11 |     0.000 |
|     memory_reg_12416_12479_0_2  |     0.000 |
|     memory_reg_12416_12479_3_5  |     0.000 |
|     memory_reg_12416_12479_6_8  |     0.000 |
|     memory_reg_12416_12479_9_11 |     0.000 |
|     memory_reg_12480_12543_0_2  |     0.000 |
|     memory_reg_12480_12543_3_5  |     0.000 |
|     memory_reg_12480_12543_6_8  |     0.000 |
|     memory_reg_12480_12543_9_11 |     0.000 |
|     memory_reg_12544_12607_0_2  |     0.000 |
|     memory_reg_12544_12607_3_5  |     0.000 |
|     memory_reg_12544_12607_6_8  |     0.000 |
|     memory_reg_12544_12607_9_11 |     0.000 |
|     memory_reg_12608_12671_0_2  |     0.000 |
|     memory_reg_12608_12671_3_5  |     0.000 |
|     memory_reg_12608_12671_6_8  |     0.000 |
|     memory_reg_12608_12671_9_11 |     0.000 |
|     memory_reg_12672_12735_0_2  |     0.000 |
|     memory_reg_12672_12735_3_5  |     0.000 |
|     memory_reg_12672_12735_6_8  |     0.000 |
|     memory_reg_12672_12735_9_11 |     0.000 |
|     memory_reg_12736_12799_0_2  |     0.000 |
|     memory_reg_12736_12799_3_5  |     0.000 |
|     memory_reg_12736_12799_6_8  |     0.000 |
|     memory_reg_12736_12799_9_11 |     0.000 |
|     memory_reg_12800_12863_0_2  |     0.000 |
|     memory_reg_12800_12863_3_5  |     0.000 |
|     memory_reg_12800_12863_6_8  |     0.000 |
|     memory_reg_12800_12863_9_11 |     0.000 |
|     memory_reg_1280_1343_0_2    |     0.000 |
|     memory_reg_1280_1343_3_5    |     0.000 |
|     memory_reg_1280_1343_6_8    |     0.000 |
|     memory_reg_1280_1343_9_11   |     0.000 |
|     memory_reg_12864_12927_0_2  |     0.000 |
|     memory_reg_12864_12927_3_5  |     0.000 |
|     memory_reg_12864_12927_6_8  |     0.000 |
|     memory_reg_12864_12927_9_11 |     0.000 |
|     memory_reg_128_191_0_2      |     0.000 |
|     memory_reg_128_191_3_5      |     0.000 |
|     memory_reg_128_191_6_8      |     0.000 |
|     memory_reg_128_191_9_11     |     0.000 |
|     memory_reg_12928_12991_0_2  |     0.000 |
|     memory_reg_12928_12991_3_5  |     0.000 |
|     memory_reg_12928_12991_6_8  |     0.000 |
|     memory_reg_12928_12991_9_11 |     0.000 |
|     memory_reg_12992_13055_0_2  |     0.000 |
|     memory_reg_12992_13055_3_5  |     0.000 |
|     memory_reg_12992_13055_6_8  |     0.000 |
|     memory_reg_12992_13055_9_11 |     0.000 |
|     memory_reg_13056_13119_0_2  |     0.000 |
|     memory_reg_13056_13119_3_5  |     0.000 |
|     memory_reg_13056_13119_6_8  |     0.000 |
|     memory_reg_13056_13119_9_11 |     0.000 |
|     memory_reg_13120_13183_0_2  |     0.000 |
|     memory_reg_13120_13183_3_5  |     0.000 |
|     memory_reg_13120_13183_6_8  |     0.000 |
|     memory_reg_13120_13183_9_11 |     0.000 |
|     memory_reg_13184_13247_0_2  |     0.000 |
|     memory_reg_13184_13247_3_5  |     0.000 |
|     memory_reg_13184_13247_6_8  |     0.000 |
|     memory_reg_13184_13247_9_11 |     0.000 |
|     memory_reg_13248_13311_0_2  |     0.000 |
|     memory_reg_13248_13311_3_5  |     0.000 |
|     memory_reg_13248_13311_6_8  |     0.000 |
|     memory_reg_13248_13311_9_11 |     0.000 |
|     memory_reg_13312_13375_0_2  |     0.000 |
|     memory_reg_13312_13375_3_5  |     0.000 |
|     memory_reg_13312_13375_6_8  |     0.000 |
|     memory_reg_13312_13375_9_11 |     0.000 |
|     memory_reg_13376_13439_0_2  |     0.000 |
|     memory_reg_13376_13439_3_5  |     0.000 |
|     memory_reg_13376_13439_6_8  |     0.000 |
|     memory_reg_13376_13439_9_11 |     0.000 |
|     memory_reg_13440_13503_0_2  |     0.000 |
|     memory_reg_13440_13503_3_5  |     0.000 |
|     memory_reg_13440_13503_6_8  |     0.000 |
|     memory_reg_13440_13503_9_11 |     0.000 |
|     memory_reg_1344_1407_0_2    |     0.000 |
|     memory_reg_1344_1407_3_5    |     0.000 |
|     memory_reg_1344_1407_6_8    |     0.000 |
|     memory_reg_1344_1407_9_11   |     0.000 |
|     memory_reg_13504_13567_0_2  |     0.000 |
|     memory_reg_13504_13567_3_5  |     0.000 |
|     memory_reg_13504_13567_6_8  |     0.000 |
|     memory_reg_13504_13567_9_11 |     0.000 |
|     memory_reg_13568_13631_0_2  |     0.000 |
|     memory_reg_13568_13631_3_5  |     0.000 |
|     memory_reg_13568_13631_6_8  |     0.000 |
|     memory_reg_13568_13631_9_11 |     0.000 |
|     memory_reg_13632_13695_0_2  |     0.000 |
|     memory_reg_13632_13695_3_5  |     0.000 |
|     memory_reg_13632_13695_6_8  |     0.000 |
|     memory_reg_13632_13695_9_11 |     0.000 |
|     memory_reg_13696_13759_0_2  |     0.000 |
|     memory_reg_13696_13759_3_5  |     0.000 |
|     memory_reg_13696_13759_6_8  |     0.000 |
|     memory_reg_13696_13759_9_11 |     0.000 |
|     memory_reg_13760_13823_0_2  |     0.000 |
|     memory_reg_13760_13823_3_5  |     0.000 |
|     memory_reg_13760_13823_6_8  |     0.000 |
|     memory_reg_13760_13823_9_11 |     0.000 |
|     memory_reg_13824_13887_0_2  |     0.000 |
|     memory_reg_13824_13887_3_5  |     0.000 |
|     memory_reg_13824_13887_6_8  |     0.000 |
|     memory_reg_13824_13887_9_11 |     0.000 |
|     memory_reg_13888_13951_0_2  |     0.000 |
|     memory_reg_13888_13951_3_5  |     0.000 |
|     memory_reg_13888_13951_6_8  |     0.000 |
|     memory_reg_13888_13951_9_11 |     0.000 |
|     memory_reg_13952_14015_0_2  |     0.000 |
|     memory_reg_13952_14015_3_5  |     0.000 |
|     memory_reg_13952_14015_6_8  |     0.000 |
|     memory_reg_13952_14015_9_11 |     0.000 |
|     memory_reg_14016_14079_0_2  |     0.000 |
|     memory_reg_14016_14079_3_5  |     0.000 |
|     memory_reg_14016_14079_6_8  |     0.000 |
|     memory_reg_14016_14079_9_11 |     0.000 |
|     memory_reg_14080_14143_0_2  |     0.000 |
|     memory_reg_14080_14143_3_5  |     0.000 |
|     memory_reg_14080_14143_6_8  |     0.000 |
|     memory_reg_14080_14143_9_11 |     0.000 |
|     memory_reg_1408_1471_0_2    |     0.000 |
|     memory_reg_1408_1471_3_5    |     0.000 |
|     memory_reg_1408_1471_6_8    |     0.000 |
|     memory_reg_1408_1471_9_11   |     0.000 |
|     memory_reg_14144_14207_0_2  |     0.000 |
|     memory_reg_14144_14207_3_5  |     0.000 |
|     memory_reg_14144_14207_6_8  |     0.000 |
|     memory_reg_14144_14207_9_11 |     0.000 |
|     memory_reg_14208_14271_0_2  |     0.000 |
|     memory_reg_14208_14271_3_5  |     0.000 |
|     memory_reg_14208_14271_6_8  |     0.000 |
|     memory_reg_14208_14271_9_11 |     0.000 |
|     memory_reg_14272_14335_0_2  |     0.000 |
|     memory_reg_14272_14335_3_5  |     0.000 |
|     memory_reg_14272_14335_6_8  |     0.000 |
|     memory_reg_14272_14335_9_11 |     0.000 |
|     memory_reg_14336_14399_0_2  |     0.000 |
|     memory_reg_14336_14399_3_5  |     0.000 |
|     memory_reg_14336_14399_6_8  |     0.000 |
|     memory_reg_14336_14399_9_11 |     0.000 |
|     memory_reg_14400_14463_0_2  |     0.000 |
|     memory_reg_14400_14463_3_5  |     0.000 |
|     memory_reg_14400_14463_6_8  |     0.000 |
|     memory_reg_14400_14463_9_11 |     0.000 |
|     memory_reg_14464_14527_0_2  |     0.000 |
|     memory_reg_14464_14527_3_5  |     0.000 |
|     memory_reg_14464_14527_6_8  |     0.000 |
|     memory_reg_14464_14527_9_11 |     0.000 |
|     memory_reg_14528_14591_0_2  |     0.000 |
|     memory_reg_14528_14591_3_5  |     0.000 |
|     memory_reg_14528_14591_6_8  |     0.000 |
|     memory_reg_14528_14591_9_11 |     0.000 |
|     memory_reg_14592_14655_0_2  |     0.000 |
|     memory_reg_14592_14655_3_5  |     0.000 |
|     memory_reg_14592_14655_6_8  |     0.000 |
|     memory_reg_14592_14655_9_11 |     0.000 |
|     memory_reg_14656_14719_0_2  |     0.000 |
|     memory_reg_14656_14719_3_5  |     0.000 |
|     memory_reg_14656_14719_6_8  |     0.000 |
|     memory_reg_14656_14719_9_11 |     0.000 |
|     memory_reg_14720_14783_0_2  |     0.000 |
|     memory_reg_14720_14783_3_5  |     0.000 |
|     memory_reg_14720_14783_6_8  |     0.000 |
|     memory_reg_14720_14783_9_11 |     0.000 |
|     memory_reg_1472_1535_0_2    |     0.000 |
|     memory_reg_1472_1535_3_5    |     0.000 |
|     memory_reg_1472_1535_6_8    |     0.000 |
|     memory_reg_1472_1535_9_11   |     0.000 |
|     memory_reg_14784_14847_0_2  |     0.000 |
|     memory_reg_14784_14847_3_5  |     0.000 |
|     memory_reg_14784_14847_6_8  |     0.000 |
|     memory_reg_14784_14847_9_11 |     0.000 |
|     memory_reg_14848_14911_0_2  |     0.000 |
|     memory_reg_14848_14911_3_5  |     0.000 |
|     memory_reg_14848_14911_6_8  |     0.000 |
|     memory_reg_14848_14911_9_11 |     0.000 |
|     memory_reg_14912_14975_0_2  |     0.000 |
|     memory_reg_14912_14975_3_5  |     0.000 |
|     memory_reg_14912_14975_6_8  |     0.000 |
|     memory_reg_14912_14975_9_11 |     0.000 |
|     memory_reg_14976_15039_0_2  |     0.000 |
|     memory_reg_14976_15039_3_5  |     0.000 |
|     memory_reg_14976_15039_6_8  |     0.000 |
|     memory_reg_14976_15039_9_11 |     0.000 |
|     memory_reg_15040_15103_0_2  |     0.000 |
|     memory_reg_15040_15103_3_5  |     0.000 |
|     memory_reg_15040_15103_6_8  |     0.000 |
|     memory_reg_15040_15103_9_11 |     0.000 |
|     memory_reg_15104_15167_0_2  |     0.000 |
|     memory_reg_15104_15167_3_5  |     0.000 |
|     memory_reg_15104_15167_6_8  |     0.000 |
|     memory_reg_15104_15167_9_11 |     0.000 |
|     memory_reg_15168_15231_0_2  |     0.000 |
|     memory_reg_15168_15231_3_5  |     0.000 |
|     memory_reg_15168_15231_6_8  |     0.000 |
|     memory_reg_15168_15231_9_11 |     0.000 |
|     memory_reg_15232_15295_0_2  |     0.000 |
|     memory_reg_15232_15295_3_5  |     0.000 |
|     memory_reg_15232_15295_6_8  |     0.000 |
|     memory_reg_15232_15295_9_11 |     0.000 |
|     memory_reg_15296_15359_0_2  |     0.000 |
|     memory_reg_15296_15359_3_5  |     0.000 |
|     memory_reg_15296_15359_6_8  |     0.000 |
|     memory_reg_15296_15359_9_11 |     0.000 |
|     memory_reg_15360_15423_0_2  |     0.000 |
|     memory_reg_15360_15423_3_5  |     0.000 |
|     memory_reg_15360_15423_6_8  |     0.000 |
|     memory_reg_15360_15423_9_11 |     0.000 |
|     memory_reg_1536_1599_0_2    |     0.000 |
|     memory_reg_1536_1599_3_5    |     0.000 |
|     memory_reg_1536_1599_6_8    |     0.000 |
|     memory_reg_1536_1599_9_11   |     0.000 |
|     memory_reg_15424_15487_0_2  |     0.000 |
|     memory_reg_15424_15487_3_5  |     0.000 |
|     memory_reg_15424_15487_6_8  |     0.000 |
|     memory_reg_15424_15487_9_11 |     0.000 |
|     memory_reg_15488_15551_0_2  |     0.000 |
|     memory_reg_15488_15551_3_5  |     0.000 |
|     memory_reg_15488_15551_6_8  |     0.000 |
|     memory_reg_15488_15551_9_11 |     0.000 |
|     memory_reg_15552_15615_0_2  |     0.000 |
|     memory_reg_15552_15615_3_5  |     0.000 |
|     memory_reg_15552_15615_6_8  |     0.000 |
|     memory_reg_15552_15615_9_11 |     0.000 |
|     memory_reg_15616_15679_0_2  |     0.000 |
|     memory_reg_15616_15679_3_5  |     0.000 |
|     memory_reg_15616_15679_6_8  |     0.000 |
|     memory_reg_15616_15679_9_11 |     0.000 |
|     memory_reg_15680_15743_0_2  |     0.000 |
|     memory_reg_15680_15743_3_5  |     0.000 |
|     memory_reg_15680_15743_6_8  |     0.000 |
|     memory_reg_15680_15743_9_11 |     0.000 |
|     memory_reg_15744_15807_0_2  |     0.000 |
|     memory_reg_15744_15807_3_5  |     0.000 |
|     memory_reg_15744_15807_6_8  |     0.000 |
|     memory_reg_15744_15807_9_11 |     0.000 |
|     memory_reg_15808_15871_0_2  |     0.000 |
|     memory_reg_15808_15871_3_5  |     0.000 |
|     memory_reg_15808_15871_6_8  |     0.000 |
|     memory_reg_15808_15871_9_11 |     0.000 |
|     memory_reg_15872_15935_0_2  |     0.000 |
|     memory_reg_15872_15935_3_5  |     0.000 |
|     memory_reg_15872_15935_6_8  |     0.000 |
|     memory_reg_15872_15935_9_11 |     0.000 |
|     memory_reg_15936_15999_0_2  |     0.000 |
|     memory_reg_15936_15999_3_5  |     0.000 |
|     memory_reg_15936_15999_6_8  |     0.000 |
|     memory_reg_15936_15999_9_11 |     0.000 |
|     memory_reg_16000_16063_0_2  |     0.000 |
|     memory_reg_16000_16063_3_5  |     0.000 |
|     memory_reg_16000_16063_6_8  |     0.000 |
|     memory_reg_16000_16063_9_11 |     0.000 |
|     memory_reg_1600_1663_0_2    |     0.000 |
|     memory_reg_1600_1663_3_5    |     0.000 |
|     memory_reg_1600_1663_6_8    |     0.000 |
|     memory_reg_1600_1663_9_11   |     0.000 |
|     memory_reg_16064_16127_0_2  |     0.000 |
|     memory_reg_16064_16127_3_5  |     0.000 |
|     memory_reg_16064_16127_6_8  |     0.000 |
|     memory_reg_16064_16127_9_11 |     0.000 |
|     memory_reg_16128_16191_0_2  |     0.000 |
|     memory_reg_16128_16191_3_5  |     0.000 |
|     memory_reg_16128_16191_6_8  |     0.000 |
|     memory_reg_16128_16191_9_11 |     0.000 |
|     memory_reg_16192_16255_0_2  |     0.000 |
|     memory_reg_16192_16255_3_5  |     0.000 |
|     memory_reg_16192_16255_6_8  |     0.000 |
|     memory_reg_16192_16255_9_11 |     0.000 |
|     memory_reg_16256_16319_0_2  |     0.000 |
|     memory_reg_16256_16319_3_5  |     0.000 |
|     memory_reg_16256_16319_6_8  |     0.000 |
|     memory_reg_16256_16319_9_11 |     0.000 |
|     memory_reg_16320_16383_0_2  |     0.000 |
|     memory_reg_16320_16383_3_5  |     0.000 |
|     memory_reg_16320_16383_6_8  |     0.000 |
|     memory_reg_16320_16383_9_11 |     0.000 |
|     memory_reg_16384_16447_0_2  |     0.000 |
|     memory_reg_16384_16447_3_5  |     0.000 |
|     memory_reg_16384_16447_6_8  |     0.000 |
|     memory_reg_16384_16447_9_11 |     0.000 |
|     memory_reg_16448_16511_0_2  |     0.000 |
|     memory_reg_16448_16511_3_5  |     0.000 |
|     memory_reg_16448_16511_6_8  |     0.000 |
|     memory_reg_16448_16511_9_11 |     0.000 |
|     memory_reg_16512_16575_0_2  |     0.000 |
|     memory_reg_16512_16575_3_5  |     0.000 |
|     memory_reg_16512_16575_6_8  |     0.000 |
|     memory_reg_16512_16575_9_11 |     0.000 |
|     memory_reg_16576_16639_0_2  |     0.000 |
|     memory_reg_16576_16639_3_5  |     0.000 |
|     memory_reg_16576_16639_6_8  |     0.000 |
|     memory_reg_16576_16639_9_11 |     0.000 |
|     memory_reg_16640_16703_0_2  |     0.000 |
|     memory_reg_16640_16703_3_5  |     0.000 |
|     memory_reg_16640_16703_6_8  |     0.000 |
|     memory_reg_16640_16703_9_11 |     0.000 |
|     memory_reg_1664_1727_0_2    |     0.000 |
|     memory_reg_1664_1727_3_5    |     0.000 |
|     memory_reg_1664_1727_6_8    |     0.000 |
|     memory_reg_1664_1727_9_11   |     0.000 |
|     memory_reg_16704_16767_0_2  |     0.000 |
|     memory_reg_16704_16767_3_5  |     0.000 |
|     memory_reg_16704_16767_6_8  |     0.000 |
|     memory_reg_16704_16767_9_11 |     0.000 |
|     memory_reg_16768_16831_0_2  |     0.000 |
|     memory_reg_16768_16831_3_5  |     0.000 |
|     memory_reg_16768_16831_6_8  |     0.000 |
|     memory_reg_16768_16831_9_11 |     0.000 |
|     memory_reg_16832_16895_0_2  |     0.000 |
|     memory_reg_16832_16895_3_5  |     0.000 |
|     memory_reg_16832_16895_6_8  |     0.000 |
|     memory_reg_16832_16895_9_11 |     0.000 |
|     memory_reg_16896_16959_0_2  |     0.000 |
|     memory_reg_16896_16959_3_5  |     0.000 |
|     memory_reg_16896_16959_6_8  |     0.000 |
|     memory_reg_16896_16959_9_11 |     0.000 |
|     memory_reg_16960_17023_0_2  |     0.000 |
|     memory_reg_16960_17023_3_5  |     0.000 |
|     memory_reg_16960_17023_6_8  |     0.000 |
|     memory_reg_16960_17023_9_11 |     0.000 |
|     memory_reg_17024_17087_0_2  |     0.000 |
|     memory_reg_17024_17087_3_5  |     0.000 |
|     memory_reg_17024_17087_6_8  |     0.000 |
|     memory_reg_17024_17087_9_11 |     0.000 |
|     memory_reg_17088_17151_0_2  |     0.000 |
|     memory_reg_17088_17151_3_5  |     0.000 |
|     memory_reg_17088_17151_6_8  |     0.000 |
|     memory_reg_17088_17151_9_11 |     0.000 |
|     memory_reg_17152_17215_0_2  |     0.000 |
|     memory_reg_17152_17215_3_5  |     0.000 |
|     memory_reg_17152_17215_6_8  |     0.000 |
|     memory_reg_17152_17215_9_11 |     0.000 |
|     memory_reg_17216_17279_0_2  |     0.000 |
|     memory_reg_17216_17279_3_5  |     0.000 |
|     memory_reg_17216_17279_6_8  |     0.000 |
|     memory_reg_17216_17279_9_11 |     0.000 |
|     memory_reg_17280_17343_0_2  |     0.000 |
|     memory_reg_17280_17343_3_5  |     0.000 |
|     memory_reg_17280_17343_6_8  |     0.000 |
|     memory_reg_17280_17343_9_11 |     0.000 |
|     memory_reg_1728_1791_0_2    |     0.000 |
|     memory_reg_1728_1791_3_5    |     0.000 |
|     memory_reg_1728_1791_6_8    |     0.000 |
|     memory_reg_1728_1791_9_11   |     0.000 |
|     memory_reg_17344_17407_0_2  |     0.000 |
|     memory_reg_17344_17407_3_5  |     0.000 |
|     memory_reg_17344_17407_6_8  |     0.000 |
|     memory_reg_17344_17407_9_11 |     0.000 |
|     memory_reg_17408_17471_0_2  |     0.000 |
|     memory_reg_17408_17471_3_5  |     0.000 |
|     memory_reg_17408_17471_6_8  |     0.000 |
|     memory_reg_17408_17471_9_11 |     0.000 |
|     memory_reg_17472_17535_0_2  |     0.000 |
|     memory_reg_17472_17535_3_5  |     0.000 |
|     memory_reg_17472_17535_6_8  |     0.000 |
|     memory_reg_17472_17535_9_11 |     0.000 |
|     memory_reg_17536_17599_0_2  |     0.000 |
|     memory_reg_17536_17599_3_5  |     0.000 |
|     memory_reg_17536_17599_6_8  |     0.000 |
|     memory_reg_17536_17599_9_11 |     0.000 |
|     memory_reg_17600_17663_0_2  |     0.000 |
|     memory_reg_17600_17663_3_5  |     0.000 |
|     memory_reg_17600_17663_6_8  |     0.000 |
|     memory_reg_17600_17663_9_11 |     0.000 |
|     memory_reg_17664_17727_0_2  |     0.000 |
|     memory_reg_17664_17727_3_5  |     0.000 |
|     memory_reg_17664_17727_6_8  |     0.000 |
|     memory_reg_17664_17727_9_11 |     0.000 |
|     memory_reg_17728_17791_0_2  |     0.000 |
|     memory_reg_17728_17791_3_5  |     0.000 |
|     memory_reg_17728_17791_6_8  |     0.000 |
|     memory_reg_17728_17791_9_11 |     0.000 |
|     memory_reg_17792_17855_0_2  |     0.000 |
|     memory_reg_17792_17855_3_5  |     0.000 |
|     memory_reg_17792_17855_6_8  |     0.000 |
|     memory_reg_17792_17855_9_11 |     0.000 |
|     memory_reg_17856_17919_0_2  |     0.000 |
|     memory_reg_17856_17919_3_5  |     0.000 |
|     memory_reg_17856_17919_6_8  |     0.000 |
|     memory_reg_17856_17919_9_11 |     0.000 |
|     memory_reg_17920_17983_0_2  |     0.000 |
|     memory_reg_17920_17983_3_5  |     0.000 |
|     memory_reg_17920_17983_6_8  |     0.000 |
|     memory_reg_17920_17983_9_11 |     0.000 |
|     memory_reg_1792_1855_0_2    |     0.000 |
|     memory_reg_1792_1855_3_5    |     0.000 |
|     memory_reg_1792_1855_6_8    |     0.000 |
|     memory_reg_1792_1855_9_11   |     0.000 |
|     memory_reg_17984_18047_0_2  |     0.000 |
|     memory_reg_17984_18047_3_5  |     0.000 |
|     memory_reg_17984_18047_6_8  |     0.000 |
|     memory_reg_17984_18047_9_11 |     0.000 |
|     memory_reg_18048_18111_0_2  |     0.000 |
|     memory_reg_18048_18111_3_5  |     0.000 |
|     memory_reg_18048_18111_6_8  |     0.000 |
|     memory_reg_18048_18111_9_11 |     0.000 |
|     memory_reg_18112_18175_0_2  |     0.000 |
|     memory_reg_18112_18175_3_5  |     0.000 |
|     memory_reg_18112_18175_6_8  |     0.000 |
|     memory_reg_18112_18175_9_11 |     0.000 |
|     memory_reg_18176_18239_0_2  |     0.000 |
|     memory_reg_18176_18239_3_5  |     0.000 |
|     memory_reg_18176_18239_6_8  |     0.000 |
|     memory_reg_18176_18239_9_11 |     0.000 |
|     memory_reg_18240_18303_0_2  |     0.000 |
|     memory_reg_18240_18303_3_5  |     0.000 |
|     memory_reg_18240_18303_6_8  |     0.000 |
|     memory_reg_18240_18303_9_11 |     0.000 |
|     memory_reg_18304_18367_0_2  |     0.000 |
|     memory_reg_18304_18367_3_5  |     0.000 |
|     memory_reg_18304_18367_6_8  |     0.000 |
|     memory_reg_18304_18367_9_11 |     0.000 |
|     memory_reg_18368_18431_0_2  |     0.000 |
|     memory_reg_18368_18431_3_5  |     0.000 |
|     memory_reg_18368_18431_6_8  |     0.000 |
|     memory_reg_18368_18431_9_11 |     0.000 |
|     memory_reg_18432_18495_0_2  |     0.000 |
|     memory_reg_18432_18495_3_5  |     0.000 |
|     memory_reg_18432_18495_6_8  |     0.000 |
|     memory_reg_18432_18495_9_11 |     0.000 |
|     memory_reg_18496_18559_0_2  |     0.000 |
|     memory_reg_18496_18559_3_5  |     0.000 |
|     memory_reg_18496_18559_6_8  |     0.000 |
|     memory_reg_18496_18559_9_11 |     0.000 |
|     memory_reg_18560_18623_0_2  |     0.000 |
|     memory_reg_18560_18623_3_5  |     0.000 |
|     memory_reg_18560_18623_6_8  |     0.000 |
|     memory_reg_18560_18623_9_11 |     0.000 |
|     memory_reg_1856_1919_0_2    |     0.000 |
|     memory_reg_1856_1919_3_5    |     0.000 |
|     memory_reg_1856_1919_6_8    |     0.000 |
|     memory_reg_1856_1919_9_11   |     0.000 |
|     memory_reg_18624_18687_0_2  |     0.000 |
|     memory_reg_18624_18687_3_5  |     0.000 |
|     memory_reg_18624_18687_6_8  |     0.000 |
|     memory_reg_18624_18687_9_11 |     0.000 |
|     memory_reg_18688_18751_0_2  |     0.000 |
|     memory_reg_18688_18751_3_5  |     0.000 |
|     memory_reg_18688_18751_6_8  |     0.000 |
|     memory_reg_18688_18751_9_11 |     0.000 |
|     memory_reg_18752_18815_0_2  |     0.000 |
|     memory_reg_18752_18815_3_5  |     0.000 |
|     memory_reg_18752_18815_6_8  |     0.000 |
|     memory_reg_18752_18815_9_11 |     0.000 |
|     memory_reg_18816_18879_0_2  |     0.000 |
|     memory_reg_18816_18879_3_5  |     0.000 |
|     memory_reg_18816_18879_6_8  |     0.000 |
|     memory_reg_18816_18879_9_11 |     0.000 |
|     memory_reg_18880_18943_0_2  |     0.000 |
|     memory_reg_18880_18943_3_5  |     0.000 |
|     memory_reg_18880_18943_6_8  |     0.000 |
|     memory_reg_18880_18943_9_11 |     0.000 |
|     memory_reg_18944_19007_0_2  |     0.000 |
|     memory_reg_18944_19007_3_5  |     0.000 |
|     memory_reg_18944_19007_6_8  |     0.000 |
|     memory_reg_18944_19007_9_11 |     0.000 |
|     memory_reg_19008_19071_0_2  |     0.000 |
|     memory_reg_19008_19071_3_5  |     0.000 |
|     memory_reg_19008_19071_6_8  |     0.000 |
|     memory_reg_19008_19071_9_11 |     0.000 |
|     memory_reg_19072_19135_0_2  |     0.000 |
|     memory_reg_19072_19135_3_5  |     0.000 |
|     memory_reg_19072_19135_6_8  |     0.000 |
|     memory_reg_19072_19135_9_11 |     0.000 |
|     memory_reg_19136_19199_0_2  |     0.000 |
|     memory_reg_19136_19199_3_5  |     0.000 |
|     memory_reg_19136_19199_6_8  |     0.000 |
|     memory_reg_19136_19199_9_11 |     0.000 |
|     memory_reg_19200_19263_0_2  |     0.000 |
|     memory_reg_19200_19263_3_5  |     0.000 |
|     memory_reg_19200_19263_6_8  |     0.000 |
|     memory_reg_19200_19263_9_11 |     0.000 |
|     memory_reg_1920_1983_0_2    |     0.000 |
|     memory_reg_1920_1983_3_5    |     0.000 |
|     memory_reg_1920_1983_6_8    |     0.000 |
|     memory_reg_1920_1983_9_11   |     0.000 |
|     memory_reg_19264_19327_0_2  |     0.000 |
|     memory_reg_19264_19327_3_5  |     0.000 |
|     memory_reg_19264_19327_6_8  |     0.000 |
|     memory_reg_19264_19327_9_11 |     0.000 |
|     memory_reg_192_255_0_2      |     0.000 |
|     memory_reg_192_255_3_5      |     0.000 |
|     memory_reg_192_255_6_8      |     0.000 |
|     memory_reg_192_255_9_11     |     0.000 |
|     memory_reg_19328_19391_0_2  |     0.000 |
|     memory_reg_19328_19391_3_5  |     0.000 |
|     memory_reg_19328_19391_6_8  |     0.000 |
|     memory_reg_19328_19391_9_11 |     0.000 |
|     memory_reg_19392_19455_0_2  |     0.000 |
|     memory_reg_19392_19455_3_5  |     0.000 |
|     memory_reg_19392_19455_6_8  |     0.000 |
|     memory_reg_19392_19455_9_11 |     0.000 |
|     memory_reg_19456_19519_0_2  |     0.000 |
|     memory_reg_19456_19519_3_5  |     0.000 |
|     memory_reg_19456_19519_6_8  |     0.000 |
|     memory_reg_19456_19519_9_11 |     0.000 |
|     memory_reg_19520_19583_0_2  |     0.000 |
|     memory_reg_19520_19583_3_5  |     0.000 |
|     memory_reg_19520_19583_6_8  |     0.000 |
|     memory_reg_19520_19583_9_11 |     0.000 |
|     memory_reg_19584_19647_0_2  |     0.000 |
|     memory_reg_19584_19647_3_5  |     0.000 |
|     memory_reg_19584_19647_6_8  |     0.000 |
|     memory_reg_19584_19647_9_11 |     0.000 |
|     memory_reg_19648_19711_0_2  |     0.000 |
|     memory_reg_19648_19711_3_5  |     0.000 |
|     memory_reg_19648_19711_6_8  |     0.000 |
|     memory_reg_19648_19711_9_11 |     0.000 |
|     memory_reg_19712_19775_0_2  |     0.000 |
|     memory_reg_19712_19775_3_5  |     0.000 |
|     memory_reg_19712_19775_6_8  |     0.000 |
|     memory_reg_19712_19775_9_11 |     0.000 |
|     memory_reg_19776_19839_0_2  |     0.000 |
|     memory_reg_19776_19839_3_5  |     0.000 |
|     memory_reg_19776_19839_6_8  |     0.000 |
|     memory_reg_19776_19839_9_11 |     0.000 |
|     memory_reg_19840_19903_0_2  |     0.000 |
|     memory_reg_19840_19903_3_5  |     0.000 |
|     memory_reg_19840_19903_6_8  |     0.000 |
|     memory_reg_19840_19903_9_11 |     0.000 |
|     memory_reg_1984_2047_0_2    |     0.000 |
|     memory_reg_1984_2047_3_5    |     0.000 |
|     memory_reg_1984_2047_6_8    |     0.000 |
|     memory_reg_1984_2047_9_11   |     0.000 |
|     memory_reg_19904_19967_0_2  |     0.000 |
|     memory_reg_19904_19967_3_5  |     0.000 |
|     memory_reg_19904_19967_6_8  |     0.000 |
|     memory_reg_19904_19967_9_11 |     0.000 |
|     memory_reg_19968_20031_0_2  |     0.000 |
|     memory_reg_19968_20031_3_5  |     0.000 |
|     memory_reg_19968_20031_6_8  |     0.000 |
|     memory_reg_19968_20031_9_11 |     0.000 |
|     memory_reg_20032_20095_0_2  |     0.000 |
|     memory_reg_20032_20095_3_5  |     0.000 |
|     memory_reg_20032_20095_6_8  |     0.000 |
|     memory_reg_20032_20095_9_11 |     0.000 |
|     memory_reg_20096_20159_0_2  |     0.000 |
|     memory_reg_20096_20159_3_5  |     0.000 |
|     memory_reg_20096_20159_6_8  |     0.000 |
|     memory_reg_20096_20159_9_11 |     0.000 |
|     memory_reg_20160_20223_0_2  |     0.000 |
|     memory_reg_20160_20223_3_5  |     0.000 |
|     memory_reg_20160_20223_6_8  |     0.000 |
|     memory_reg_20160_20223_9_11 |     0.000 |
|     memory_reg_20224_20287_0_2  |     0.000 |
|     memory_reg_20224_20287_3_5  |     0.000 |
|     memory_reg_20224_20287_6_8  |     0.000 |
|     memory_reg_20224_20287_9_11 |     0.000 |
|     memory_reg_20288_20351_0_2  |     0.000 |
|     memory_reg_20288_20351_3_5  |     0.000 |
|     memory_reg_20288_20351_6_8  |     0.000 |
|     memory_reg_20288_20351_9_11 |     0.000 |
|     memory_reg_20352_20415_0_2  |     0.000 |
|     memory_reg_20352_20415_3_5  |     0.000 |
|     memory_reg_20352_20415_6_8  |     0.000 |
|     memory_reg_20352_20415_9_11 |     0.000 |
|     memory_reg_20416_20479_0_2  |     0.000 |
|     memory_reg_20416_20479_3_5  |     0.000 |
|     memory_reg_20416_20479_6_8  |     0.000 |
|     memory_reg_20416_20479_9_11 |     0.000 |
|     memory_reg_20480_20543_0_2  |     0.000 |
|     memory_reg_20480_20543_3_5  |     0.000 |
|     memory_reg_20480_20543_6_8  |     0.000 |
|     memory_reg_20480_20543_9_11 |     0.000 |
|     memory_reg_2048_2111_0_2    |     0.000 |
|     memory_reg_2048_2111_3_5    |     0.000 |
|     memory_reg_2048_2111_6_8    |     0.000 |
|     memory_reg_2048_2111_9_11   |     0.000 |
|     memory_reg_20544_20607_0_2  |     0.000 |
|     memory_reg_20544_20607_3_5  |     0.000 |
|     memory_reg_20544_20607_6_8  |     0.000 |
|     memory_reg_20544_20607_9_11 |     0.000 |
|     memory_reg_20608_20671_0_2  |     0.000 |
|     memory_reg_20608_20671_3_5  |     0.000 |
|     memory_reg_20608_20671_6_8  |     0.000 |
|     memory_reg_20608_20671_9_11 |     0.000 |
|     memory_reg_20672_20735_0_2  |     0.000 |
|     memory_reg_20672_20735_3_5  |     0.000 |
|     memory_reg_20672_20735_6_8  |     0.000 |
|     memory_reg_20672_20735_9_11 |     0.000 |
|     memory_reg_20736_20799_0_2  |     0.000 |
|     memory_reg_20736_20799_3_5  |     0.000 |
|     memory_reg_20736_20799_6_8  |     0.000 |
|     memory_reg_20736_20799_9_11 |     0.000 |
|     memory_reg_20800_20863_0_2  |     0.000 |
|     memory_reg_20800_20863_3_5  |     0.000 |
|     memory_reg_20800_20863_6_8  |     0.000 |
|     memory_reg_20800_20863_9_11 |     0.000 |
|     memory_reg_20864_20927_0_2  |     0.000 |
|     memory_reg_20864_20927_3_5  |     0.000 |
|     memory_reg_20864_20927_6_8  |     0.000 |
|     memory_reg_20864_20927_9_11 |     0.000 |
|     memory_reg_20928_20991_0_2  |     0.000 |
|     memory_reg_20928_20991_3_5  |     0.000 |
|     memory_reg_20928_20991_6_8  |     0.000 |
|     memory_reg_20928_20991_9_11 |     0.000 |
|     memory_reg_20992_21055_0_2  |     0.000 |
|     memory_reg_20992_21055_3_5  |     0.000 |
|     memory_reg_20992_21055_6_8  |     0.000 |
|     memory_reg_20992_21055_9_11 |     0.000 |
|     memory_reg_21056_21119_0_2  |     0.000 |
|     memory_reg_21056_21119_3_5  |     0.000 |
|     memory_reg_21056_21119_6_8  |     0.000 |
|     memory_reg_21056_21119_9_11 |     0.000 |
|     memory_reg_21120_21183_0_2  |     0.000 |
|     memory_reg_21120_21183_3_5  |     0.000 |
|     memory_reg_21120_21183_6_8  |     0.000 |
|     memory_reg_21120_21183_9_11 |     0.000 |
|     memory_reg_2112_2175_0_2    |     0.000 |
|     memory_reg_2112_2175_3_5    |     0.000 |
|     memory_reg_2112_2175_6_8    |     0.000 |
|     memory_reg_2112_2175_9_11   |     0.000 |
|     memory_reg_21184_21247_0_2  |     0.000 |
|     memory_reg_21184_21247_3_5  |     0.000 |
|     memory_reg_21184_21247_6_8  |     0.000 |
|     memory_reg_21184_21247_9_11 |     0.000 |
|     memory_reg_21248_21311_0_2  |     0.000 |
|     memory_reg_21248_21311_3_5  |     0.000 |
|     memory_reg_21248_21311_6_8  |     0.000 |
|     memory_reg_21248_21311_9_11 |     0.000 |
|     memory_reg_21312_21375_0_2  |     0.000 |
|     memory_reg_21312_21375_3_5  |     0.000 |
|     memory_reg_21312_21375_6_8  |     0.000 |
|     memory_reg_21312_21375_9_11 |     0.000 |
|     memory_reg_21376_21439_0_2  |     0.000 |
|     memory_reg_21376_21439_3_5  |     0.000 |
|     memory_reg_21376_21439_6_8  |     0.000 |
|     memory_reg_21376_21439_9_11 |     0.000 |
|     memory_reg_21440_21503_0_2  |     0.000 |
|     memory_reg_21440_21503_3_5  |     0.000 |
|     memory_reg_21440_21503_6_8  |     0.000 |
|     memory_reg_21440_21503_9_11 |     0.000 |
|     memory_reg_21504_21567_0_2  |     0.000 |
|     memory_reg_21504_21567_3_5  |     0.000 |
|     memory_reg_21504_21567_6_8  |     0.000 |
|     memory_reg_21504_21567_9_11 |     0.000 |
|     memory_reg_21568_21631_0_2  |     0.000 |
|     memory_reg_21568_21631_3_5  |     0.000 |
|     memory_reg_21568_21631_6_8  |     0.000 |
|     memory_reg_21568_21631_9_11 |     0.000 |
|     memory_reg_21632_21695_0_2  |     0.000 |
|     memory_reg_21632_21695_3_5  |     0.000 |
|     memory_reg_21632_21695_6_8  |     0.000 |
|     memory_reg_21632_21695_9_11 |     0.000 |
|     memory_reg_21696_21759_0_2  |     0.000 |
|     memory_reg_21696_21759_3_5  |     0.000 |
|     memory_reg_21696_21759_6_8  |     0.000 |
|     memory_reg_21696_21759_9_11 |     0.000 |
|     memory_reg_21760_21823_0_2  |     0.000 |
|     memory_reg_21760_21823_3_5  |     0.000 |
|     memory_reg_21760_21823_6_8  |     0.000 |
|     memory_reg_21760_21823_9_11 |     0.000 |
|     memory_reg_2176_2239_0_2    |     0.000 |
|     memory_reg_2176_2239_3_5    |     0.000 |
|     memory_reg_2176_2239_6_8    |     0.000 |
|     memory_reg_2176_2239_9_11   |     0.000 |
|     memory_reg_21824_21887_0_2  |     0.000 |
|     memory_reg_21824_21887_3_5  |     0.000 |
|     memory_reg_21824_21887_6_8  |     0.000 |
|     memory_reg_21824_21887_9_11 |     0.000 |
|     memory_reg_21888_21951_0_2  |     0.000 |
|     memory_reg_21888_21951_3_5  |     0.000 |
|     memory_reg_21888_21951_6_8  |     0.000 |
|     memory_reg_21888_21951_9_11 |     0.000 |
|     memory_reg_21952_22015_0_2  |     0.000 |
|     memory_reg_21952_22015_3_5  |     0.000 |
|     memory_reg_21952_22015_6_8  |     0.000 |
|     memory_reg_21952_22015_9_11 |     0.000 |
|     memory_reg_22016_22079_0_2  |     0.000 |
|     memory_reg_22016_22079_3_5  |     0.000 |
|     memory_reg_22016_22079_6_8  |     0.000 |
|     memory_reg_22016_22079_9_11 |     0.000 |
|     memory_reg_22080_22143_0_2  |     0.000 |
|     memory_reg_22080_22143_3_5  |     0.000 |
|     memory_reg_22080_22143_6_8  |     0.000 |
|     memory_reg_22080_22143_9_11 |     0.000 |
|     memory_reg_22144_22207_0_2  |     0.000 |
|     memory_reg_22144_22207_3_5  |     0.000 |
|     memory_reg_22144_22207_6_8  |     0.000 |
|     memory_reg_22144_22207_9_11 |     0.000 |
|     memory_reg_22208_22271_0_2  |     0.000 |
|     memory_reg_22208_22271_3_5  |     0.000 |
|     memory_reg_22208_22271_6_8  |     0.000 |
|     memory_reg_22208_22271_9_11 |     0.000 |
|     memory_reg_22272_22335_0_2  |     0.000 |
|     memory_reg_22272_22335_3_5  |     0.000 |
|     memory_reg_22272_22335_6_8  |     0.000 |
|     memory_reg_22272_22335_9_11 |     0.000 |
|     memory_reg_22336_22399_0_2  |     0.000 |
|     memory_reg_22336_22399_3_5  |     0.000 |
|     memory_reg_22336_22399_6_8  |     0.000 |
|     memory_reg_22336_22399_9_11 |     0.000 |
|     memory_reg_22400_22463_0_2  |     0.000 |
|     memory_reg_22400_22463_3_5  |     0.000 |
|     memory_reg_22400_22463_6_8  |     0.000 |
|     memory_reg_22400_22463_9_11 |     0.000 |
|     memory_reg_2240_2303_0_2    |     0.000 |
|     memory_reg_2240_2303_3_5    |     0.000 |
|     memory_reg_2240_2303_6_8    |     0.000 |
|     memory_reg_2240_2303_9_11   |     0.000 |
|     memory_reg_22464_22527_0_2  |     0.000 |
|     memory_reg_22464_22527_3_5  |     0.000 |
|     memory_reg_22464_22527_6_8  |     0.000 |
|     memory_reg_22464_22527_9_11 |     0.000 |
|     memory_reg_22528_22591_0_2  |     0.000 |
|     memory_reg_22528_22591_3_5  |     0.000 |
|     memory_reg_22528_22591_6_8  |     0.000 |
|     memory_reg_22528_22591_9_11 |     0.000 |
|     memory_reg_22592_22655_0_2  |     0.000 |
|     memory_reg_22592_22655_3_5  |     0.000 |
|     memory_reg_22592_22655_6_8  |     0.000 |
|     memory_reg_22592_22655_9_11 |     0.000 |
|     memory_reg_22656_22719_0_2  |     0.000 |
|     memory_reg_22656_22719_3_5  |     0.000 |
|     memory_reg_22656_22719_6_8  |     0.000 |
|     memory_reg_22656_22719_9_11 |     0.000 |
|     memory_reg_22720_22783_0_2  |     0.000 |
|     memory_reg_22720_22783_3_5  |     0.000 |
|     memory_reg_22720_22783_6_8  |     0.000 |
|     memory_reg_22720_22783_9_11 |     0.000 |
|     memory_reg_22784_22847_0_2  |     0.000 |
|     memory_reg_22784_22847_3_5  |     0.000 |
|     memory_reg_22784_22847_6_8  |     0.000 |
|     memory_reg_22784_22847_9_11 |     0.000 |
|     memory_reg_22848_22911_0_2  |     0.000 |
|     memory_reg_22848_22911_3_5  |     0.000 |
|     memory_reg_22848_22911_6_8  |     0.000 |
|     memory_reg_22848_22911_9_11 |     0.000 |
|     memory_reg_22912_22975_0_2  |     0.000 |
|     memory_reg_22912_22975_3_5  |     0.000 |
|     memory_reg_22912_22975_6_8  |     0.000 |
|     memory_reg_22912_22975_9_11 |     0.000 |
|     memory_reg_22976_23039_0_2  |     0.000 |
|     memory_reg_22976_23039_3_5  |     0.000 |
|     memory_reg_22976_23039_6_8  |     0.000 |
|     memory_reg_22976_23039_9_11 |     0.000 |
|     memory_reg_23040_23103_0_2  |     0.000 |
|     memory_reg_23040_23103_3_5  |     0.000 |
|     memory_reg_23040_23103_6_8  |     0.000 |
|     memory_reg_23040_23103_9_11 |     0.000 |
|     memory_reg_2304_2367_0_2    |     0.000 |
|     memory_reg_2304_2367_3_5    |     0.000 |
|     memory_reg_2304_2367_6_8    |     0.000 |
|     memory_reg_2304_2367_9_11   |     0.000 |
|     memory_reg_23104_23167_0_2  |     0.000 |
|     memory_reg_23104_23167_3_5  |     0.000 |
|     memory_reg_23104_23167_6_8  |     0.000 |
|     memory_reg_23104_23167_9_11 |     0.000 |
|     memory_reg_23168_23231_0_2  |     0.000 |
|     memory_reg_23168_23231_3_5  |     0.000 |
|     memory_reg_23168_23231_6_8  |     0.000 |
|     memory_reg_23168_23231_9_11 |     0.000 |
|     memory_reg_23232_23295_0_2  |     0.000 |
|     memory_reg_23232_23295_3_5  |     0.000 |
|     memory_reg_23232_23295_6_8  |     0.000 |
|     memory_reg_23232_23295_9_11 |     0.000 |
|     memory_reg_23296_23359_0_2  |     0.000 |
|     memory_reg_23296_23359_3_5  |     0.000 |
|     memory_reg_23296_23359_6_8  |     0.000 |
|     memory_reg_23296_23359_9_11 |     0.000 |
|     memory_reg_23360_23423_0_2  |     0.000 |
|     memory_reg_23360_23423_3_5  |     0.000 |
|     memory_reg_23360_23423_6_8  |     0.000 |
|     memory_reg_23360_23423_9_11 |     0.000 |
|     memory_reg_23424_23487_0_2  |     0.000 |
|     memory_reg_23424_23487_3_5  |     0.000 |
|     memory_reg_23424_23487_6_8  |     0.000 |
|     memory_reg_23424_23487_9_11 |     0.000 |
|     memory_reg_23488_23551_0_2  |     0.000 |
|     memory_reg_23488_23551_3_5  |     0.000 |
|     memory_reg_23488_23551_6_8  |     0.000 |
|     memory_reg_23488_23551_9_11 |     0.000 |
|     memory_reg_23552_23615_0_2  |     0.000 |
|     memory_reg_23552_23615_3_5  |     0.000 |
|     memory_reg_23552_23615_6_8  |     0.000 |
|     memory_reg_23552_23615_9_11 |     0.000 |
|     memory_reg_23616_23679_0_2  |     0.000 |
|     memory_reg_23616_23679_3_5  |     0.000 |
|     memory_reg_23616_23679_6_8  |     0.000 |
|     memory_reg_23616_23679_9_11 |     0.000 |
|     memory_reg_23680_23743_0_2  |     0.000 |
|     memory_reg_23680_23743_3_5  |     0.000 |
|     memory_reg_23680_23743_6_8  |     0.000 |
|     memory_reg_23680_23743_9_11 |     0.000 |
|     memory_reg_2368_2431_0_2    |     0.000 |
|     memory_reg_2368_2431_3_5    |     0.000 |
|     memory_reg_2368_2431_6_8    |     0.000 |
|     memory_reg_2368_2431_9_11   |     0.000 |
|     memory_reg_23744_23807_0_2  |     0.000 |
|     memory_reg_23744_23807_3_5  |     0.000 |
|     memory_reg_23744_23807_6_8  |     0.000 |
|     memory_reg_23744_23807_9_11 |     0.000 |
|     memory_reg_23808_23871_0_2  |     0.000 |
|     memory_reg_23808_23871_3_5  |     0.000 |
|     memory_reg_23808_23871_6_8  |     0.000 |
|     memory_reg_23808_23871_9_11 |     0.000 |
|     memory_reg_23872_23935_0_2  |     0.000 |
|     memory_reg_23872_23935_3_5  |     0.000 |
|     memory_reg_23872_23935_6_8  |     0.000 |
|     memory_reg_23872_23935_9_11 |     0.000 |
|     memory_reg_23936_23999_0_2  |     0.000 |
|     memory_reg_23936_23999_3_5  |     0.000 |
|     memory_reg_23936_23999_6_8  |     0.000 |
|     memory_reg_23936_23999_9_11 |     0.000 |
|     memory_reg_24000_24063_0_2  |     0.000 |
|     memory_reg_24000_24063_3_5  |     0.000 |
|     memory_reg_24000_24063_6_8  |     0.000 |
|     memory_reg_24000_24063_9_11 |     0.000 |
|     memory_reg_24064_24127_0_2  |     0.000 |
|     memory_reg_24064_24127_3_5  |     0.000 |
|     memory_reg_24064_24127_6_8  |     0.000 |
|     memory_reg_24064_24127_9_11 |     0.000 |
|     memory_reg_24128_24191_0_2  |     0.000 |
|     memory_reg_24128_24191_3_5  |     0.000 |
|     memory_reg_24128_24191_6_8  |     0.000 |
|     memory_reg_24128_24191_9_11 |     0.000 |
|     memory_reg_24192_24255_0_2  |     0.000 |
|     memory_reg_24192_24255_3_5  |     0.000 |
|     memory_reg_24192_24255_6_8  |     0.000 |
|     memory_reg_24192_24255_9_11 |     0.000 |
|     memory_reg_24256_24319_0_2  |     0.000 |
|     memory_reg_24256_24319_3_5  |     0.000 |
|     memory_reg_24256_24319_6_8  |     0.000 |
|     memory_reg_24256_24319_9_11 |     0.000 |
|     memory_reg_24320_24383_0_2  |     0.000 |
|     memory_reg_24320_24383_3_5  |     0.000 |
|     memory_reg_24320_24383_6_8  |     0.000 |
|     memory_reg_24320_24383_9_11 |     0.000 |
|     memory_reg_2432_2495_0_2    |     0.000 |
|     memory_reg_2432_2495_3_5    |     0.000 |
|     memory_reg_2432_2495_6_8    |     0.000 |
|     memory_reg_2432_2495_9_11   |     0.000 |
|     memory_reg_24384_24447_0_2  |     0.000 |
|     memory_reg_24384_24447_3_5  |     0.000 |
|     memory_reg_24384_24447_6_8  |     0.000 |
|     memory_reg_24384_24447_9_11 |     0.000 |
|     memory_reg_24448_24511_0_2  |     0.000 |
|     memory_reg_24448_24511_3_5  |     0.000 |
|     memory_reg_24448_24511_6_8  |     0.000 |
|     memory_reg_24448_24511_9_11 |     0.000 |
|     memory_reg_24512_24575_0_2  |     0.000 |
|     memory_reg_24512_24575_3_5  |     0.000 |
|     memory_reg_24512_24575_6_8  |     0.000 |
|     memory_reg_24512_24575_9_11 |     0.000 |
|     memory_reg_24576_24639_0_2  |     0.000 |
|     memory_reg_24576_24639_3_5  |     0.000 |
|     memory_reg_24576_24639_6_8  |     0.000 |
|     memory_reg_24576_24639_9_11 |     0.000 |
|     memory_reg_24640_24703_0_2  |     0.000 |
|     memory_reg_24640_24703_3_5  |     0.000 |
|     memory_reg_24640_24703_6_8  |     0.000 |
|     memory_reg_24640_24703_9_11 |     0.000 |
|     memory_reg_24704_24767_0_2  |     0.000 |
|     memory_reg_24704_24767_3_5  |     0.000 |
|     memory_reg_24704_24767_6_8  |     0.000 |
|     memory_reg_24704_24767_9_11 |     0.000 |
|     memory_reg_24768_24831_0_2  |     0.000 |
|     memory_reg_24768_24831_3_5  |     0.000 |
|     memory_reg_24768_24831_6_8  |     0.000 |
|     memory_reg_24768_24831_9_11 |     0.000 |
|     memory_reg_24832_24895_0_2  |     0.000 |
|     memory_reg_24832_24895_3_5  |     0.000 |
|     memory_reg_24832_24895_6_8  |     0.000 |
|     memory_reg_24832_24895_9_11 |     0.000 |
|     memory_reg_24896_24959_0_2  |     0.000 |
|     memory_reg_24896_24959_3_5  |     0.000 |
|     memory_reg_24896_24959_6_8  |     0.000 |
|     memory_reg_24896_24959_9_11 |     0.000 |
|     memory_reg_24960_25023_0_2  |     0.000 |
|     memory_reg_24960_25023_3_5  |     0.000 |
|     memory_reg_24960_25023_6_8  |     0.000 |
|     memory_reg_24960_25023_9_11 |     0.000 |
|     memory_reg_2496_2559_0_2    |     0.000 |
|     memory_reg_2496_2559_3_5    |     0.000 |
|     memory_reg_2496_2559_6_8    |     0.000 |
|     memory_reg_2496_2559_9_11   |     0.000 |
|     memory_reg_2560_2623_0_2    |     0.000 |
|     memory_reg_2560_2623_3_5    |     0.000 |
|     memory_reg_2560_2623_6_8    |     0.000 |
|     memory_reg_2560_2623_9_11   |     0.000 |
|     memory_reg_256_319_0_2      |     0.000 |
|     memory_reg_256_319_3_5      |     0.000 |
|     memory_reg_256_319_6_8      |     0.000 |
|     memory_reg_256_319_9_11     |     0.000 |
|     memory_reg_2624_2687_0_2    |     0.000 |
|     memory_reg_2624_2687_3_5    |     0.000 |
|     memory_reg_2624_2687_6_8    |     0.000 |
|     memory_reg_2624_2687_9_11   |     0.000 |
|     memory_reg_2688_2751_0_2    |     0.000 |
|     memory_reg_2688_2751_3_5    |     0.000 |
|     memory_reg_2688_2751_6_8    |     0.000 |
|     memory_reg_2688_2751_9_11   |     0.000 |
|     memory_reg_2752_2815_0_2    |     0.000 |
|     memory_reg_2752_2815_3_5    |     0.000 |
|     memory_reg_2752_2815_6_8    |     0.000 |
|     memory_reg_2752_2815_9_11   |     0.000 |
|     memory_reg_2816_2879_0_2    |     0.000 |
|     memory_reg_2816_2879_3_5    |     0.000 |
|     memory_reg_2816_2879_6_8    |     0.000 |
|     memory_reg_2816_2879_9_11   |     0.000 |
|     memory_reg_2880_2943_0_2    |     0.000 |
|     memory_reg_2880_2943_3_5    |     0.000 |
|     memory_reg_2880_2943_6_8    |     0.000 |
|     memory_reg_2880_2943_9_11   |     0.000 |
|     memory_reg_2944_3007_0_2    |     0.000 |
|     memory_reg_2944_3007_3_5    |     0.000 |
|     memory_reg_2944_3007_6_8    |     0.000 |
|     memory_reg_2944_3007_9_11   |     0.000 |
|     memory_reg_3008_3071_0_2    |     0.000 |
|     memory_reg_3008_3071_3_5    |     0.000 |
|     memory_reg_3008_3071_6_8    |     0.000 |
|     memory_reg_3008_3071_9_11   |     0.000 |
|     memory_reg_3072_3135_0_2    |     0.000 |
|     memory_reg_3072_3135_3_5    |     0.000 |
|     memory_reg_3072_3135_6_8    |     0.000 |
|     memory_reg_3072_3135_9_11   |     0.000 |
|     memory_reg_3136_3199_0_2    |     0.000 |
|     memory_reg_3136_3199_3_5    |     0.000 |
|     memory_reg_3136_3199_6_8    |     0.000 |
|     memory_reg_3136_3199_9_11   |     0.000 |
|     memory_reg_3200_3263_0_2    |     0.000 |
|     memory_reg_3200_3263_3_5    |     0.000 |
|     memory_reg_3200_3263_6_8    |     0.000 |
|     memory_reg_3200_3263_9_11   |     0.000 |
|     memory_reg_320_383_0_2      |     0.000 |
|     memory_reg_320_383_3_5      |     0.000 |
|     memory_reg_320_383_6_8      |     0.000 |
|     memory_reg_320_383_9_11     |     0.000 |
|     memory_reg_3264_3327_0_2    |     0.000 |
|     memory_reg_3264_3327_3_5    |     0.000 |
|     memory_reg_3264_3327_6_8    |     0.000 |
|     memory_reg_3264_3327_9_11   |     0.000 |
|     memory_reg_3328_3391_0_2    |     0.000 |
|     memory_reg_3328_3391_3_5    |     0.000 |
|     memory_reg_3328_3391_6_8    |     0.000 |
|     memory_reg_3328_3391_9_11   |     0.000 |
|     memory_reg_3392_3455_0_2    |     0.000 |
|     memory_reg_3392_3455_3_5    |     0.000 |
|     memory_reg_3392_3455_6_8    |     0.000 |
|     memory_reg_3392_3455_9_11   |     0.000 |
|     memory_reg_3456_3519_0_2    |     0.000 |
|     memory_reg_3456_3519_3_5    |     0.000 |
|     memory_reg_3456_3519_6_8    |     0.000 |
|     memory_reg_3456_3519_9_11   |     0.000 |
|     memory_reg_3520_3583_0_2    |     0.000 |
|     memory_reg_3520_3583_3_5    |     0.000 |
|     memory_reg_3520_3583_6_8    |     0.000 |
|     memory_reg_3520_3583_9_11   |     0.000 |
|     memory_reg_3584_3647_0_2    |     0.000 |
|     memory_reg_3584_3647_3_5    |     0.000 |
|     memory_reg_3584_3647_6_8    |     0.000 |
|     memory_reg_3584_3647_9_11   |     0.000 |
|     memory_reg_3648_3711_0_2    |     0.000 |
|     memory_reg_3648_3711_3_5    |     0.000 |
|     memory_reg_3648_3711_6_8    |     0.000 |
|     memory_reg_3648_3711_9_11   |     0.000 |
|     memory_reg_3712_3775_0_2    |     0.000 |
|     memory_reg_3712_3775_3_5    |     0.000 |
|     memory_reg_3712_3775_6_8    |     0.000 |
|     memory_reg_3712_3775_9_11   |     0.000 |
|     memory_reg_3776_3839_0_2    |     0.000 |
|     memory_reg_3776_3839_3_5    |     0.000 |
|     memory_reg_3776_3839_6_8    |     0.000 |
|     memory_reg_3776_3839_9_11   |     0.000 |
|     memory_reg_3840_3903_0_2    |     0.000 |
|     memory_reg_3840_3903_3_5    |     0.000 |
|     memory_reg_3840_3903_6_8    |     0.000 |
|     memory_reg_3840_3903_9_11   |     0.000 |
|     memory_reg_384_447_0_2      |     0.000 |
|     memory_reg_384_447_3_5      |     0.000 |
|     memory_reg_384_447_6_8      |     0.000 |
|     memory_reg_384_447_9_11     |     0.000 |
|     memory_reg_3904_3967_0_2    |     0.000 |
|     memory_reg_3904_3967_3_5    |     0.000 |
|     memory_reg_3904_3967_6_8    |     0.000 |
|     memory_reg_3904_3967_9_11   |     0.000 |
|     memory_reg_3968_4031_0_2    |     0.000 |
|     memory_reg_3968_4031_3_5    |     0.000 |
|     memory_reg_3968_4031_6_8    |     0.000 |
|     memory_reg_3968_4031_9_11   |     0.000 |
|     memory_reg_4032_4095_0_2    |     0.000 |
|     memory_reg_4032_4095_3_5    |     0.000 |
|     memory_reg_4032_4095_6_8    |     0.000 |
|     memory_reg_4032_4095_9_11   |     0.000 |
|     memory_reg_4096_4159_0_2    |     0.000 |
|     memory_reg_4096_4159_3_5    |     0.000 |
|     memory_reg_4096_4159_6_8    |     0.000 |
|     memory_reg_4096_4159_9_11   |     0.000 |
|     memory_reg_4160_4223_0_2    |     0.000 |
|     memory_reg_4160_4223_3_5    |     0.000 |
|     memory_reg_4160_4223_6_8    |     0.000 |
|     memory_reg_4160_4223_9_11   |     0.000 |
|     memory_reg_4224_4287_0_2    |     0.000 |
|     memory_reg_4224_4287_3_5    |     0.000 |
|     memory_reg_4224_4287_6_8    |     0.000 |
|     memory_reg_4224_4287_9_11   |     0.000 |
|     memory_reg_4288_4351_0_2    |     0.000 |
|     memory_reg_4288_4351_3_5    |     0.000 |
|     memory_reg_4288_4351_6_8    |     0.000 |
|     memory_reg_4288_4351_9_11   |     0.000 |
|     memory_reg_4352_4415_0_2    |     0.000 |
|     memory_reg_4352_4415_3_5    |     0.000 |
|     memory_reg_4352_4415_6_8    |     0.000 |
|     memory_reg_4352_4415_9_11   |     0.000 |
|     memory_reg_4416_4479_0_2    |     0.000 |
|     memory_reg_4416_4479_3_5    |     0.000 |
|     memory_reg_4416_4479_6_8    |     0.000 |
|     memory_reg_4416_4479_9_11   |     0.000 |
|     memory_reg_4480_4543_0_2    |     0.000 |
|     memory_reg_4480_4543_3_5    |     0.000 |
|     memory_reg_4480_4543_6_8    |     0.000 |
|     memory_reg_4480_4543_9_11   |     0.000 |
|     memory_reg_448_511_0_2      |     0.000 |
|     memory_reg_448_511_3_5      |     0.000 |
|     memory_reg_448_511_6_8      |     0.000 |
|     memory_reg_448_511_9_11     |     0.000 |
|     memory_reg_4544_4607_0_2    |     0.000 |
|     memory_reg_4544_4607_3_5    |     0.000 |
|     memory_reg_4544_4607_6_8    |     0.000 |
|     memory_reg_4544_4607_9_11   |     0.000 |
|     memory_reg_4608_4671_0_2    |     0.000 |
|     memory_reg_4608_4671_3_5    |     0.000 |
|     memory_reg_4608_4671_6_8    |     0.000 |
|     memory_reg_4608_4671_9_11   |     0.000 |
|     memory_reg_4672_4735_0_2    |     0.000 |
|     memory_reg_4672_4735_3_5    |     0.000 |
|     memory_reg_4672_4735_6_8    |     0.000 |
|     memory_reg_4672_4735_9_11   |     0.000 |
|     memory_reg_4736_4799_0_2    |     0.000 |
|     memory_reg_4736_4799_3_5    |     0.000 |
|     memory_reg_4736_4799_6_8    |     0.000 |
|     memory_reg_4736_4799_9_11   |     0.000 |
|     memory_reg_4800_4863_0_2    |     0.000 |
|     memory_reg_4800_4863_3_5    |     0.000 |
|     memory_reg_4800_4863_6_8    |     0.000 |
|     memory_reg_4800_4863_9_11   |     0.000 |
|     memory_reg_4864_4927_0_2    |     0.000 |
|     memory_reg_4864_4927_3_5    |     0.000 |
|     memory_reg_4864_4927_6_8    |     0.000 |
|     memory_reg_4864_4927_9_11   |     0.000 |
|     memory_reg_4928_4991_0_2    |     0.000 |
|     memory_reg_4928_4991_3_5    |     0.000 |
|     memory_reg_4928_4991_6_8    |     0.000 |
|     memory_reg_4928_4991_9_11   |     0.000 |
|     memory_reg_4992_5055_0_2    |     0.000 |
|     memory_reg_4992_5055_3_5    |     0.000 |
|     memory_reg_4992_5055_6_8    |     0.000 |
|     memory_reg_4992_5055_9_11   |     0.000 |
|     memory_reg_5056_5119_0_2    |     0.000 |
|     memory_reg_5056_5119_3_5    |     0.000 |
|     memory_reg_5056_5119_6_8    |     0.000 |
|     memory_reg_5056_5119_9_11   |     0.000 |
|     memory_reg_5120_5183_0_2    |     0.000 |
|     memory_reg_5120_5183_3_5    |     0.000 |
|     memory_reg_5120_5183_6_8    |     0.000 |
|     memory_reg_5120_5183_9_11   |     0.000 |
|     memory_reg_512_575_0_2      |     0.000 |
|     memory_reg_512_575_3_5      |     0.000 |
|     memory_reg_512_575_6_8      |     0.000 |
|     memory_reg_512_575_9_11     |     0.000 |
|     memory_reg_5184_5247_0_2    |     0.000 |
|     memory_reg_5184_5247_3_5    |     0.000 |
|     memory_reg_5184_5247_6_8    |     0.000 |
|     memory_reg_5184_5247_9_11   |     0.000 |
|     memory_reg_5248_5311_0_2    |     0.000 |
|     memory_reg_5248_5311_3_5    |     0.000 |
|     memory_reg_5248_5311_6_8    |     0.000 |
|     memory_reg_5248_5311_9_11   |     0.000 |
|     memory_reg_5312_5375_0_2    |     0.000 |
|     memory_reg_5312_5375_3_5    |     0.000 |
|     memory_reg_5312_5375_6_8    |     0.000 |
|     memory_reg_5312_5375_9_11   |     0.000 |
|     memory_reg_5376_5439_0_2    |     0.000 |
|     memory_reg_5376_5439_3_5    |     0.000 |
|     memory_reg_5376_5439_6_8    |     0.000 |
|     memory_reg_5376_5439_9_11   |     0.000 |
|     memory_reg_5440_5503_0_2    |     0.000 |
|     memory_reg_5440_5503_3_5    |     0.000 |
|     memory_reg_5440_5503_6_8    |     0.000 |
|     memory_reg_5440_5503_9_11   |     0.000 |
|     memory_reg_5504_5567_0_2    |     0.000 |
|     memory_reg_5504_5567_3_5    |     0.000 |
|     memory_reg_5504_5567_6_8    |     0.000 |
|     memory_reg_5504_5567_9_11   |     0.000 |
|     memory_reg_5568_5631_0_2    |     0.000 |
|     memory_reg_5568_5631_3_5    |     0.000 |
|     memory_reg_5568_5631_6_8    |     0.000 |
|     memory_reg_5568_5631_9_11   |     0.000 |
|     memory_reg_5632_5695_0_2    |     0.000 |
|     memory_reg_5632_5695_3_5    |     0.000 |
|     memory_reg_5632_5695_6_8    |     0.000 |
|     memory_reg_5632_5695_9_11   |     0.000 |
|     memory_reg_5696_5759_0_2    |     0.000 |
|     memory_reg_5696_5759_3_5    |     0.000 |
|     memory_reg_5696_5759_6_8    |     0.000 |
|     memory_reg_5696_5759_9_11   |     0.000 |
|     memory_reg_5760_5823_0_2    |     0.000 |
|     memory_reg_5760_5823_3_5    |     0.000 |
|     memory_reg_5760_5823_6_8    |     0.000 |
|     memory_reg_5760_5823_9_11   |     0.000 |
|     memory_reg_576_639_0_2      |     0.000 |
|     memory_reg_576_639_3_5      |     0.000 |
|     memory_reg_576_639_6_8      |     0.000 |
|     memory_reg_576_639_9_11     |     0.000 |
|     memory_reg_5824_5887_0_2    |     0.000 |
|     memory_reg_5824_5887_3_5    |     0.000 |
|     memory_reg_5824_5887_6_8    |     0.000 |
|     memory_reg_5824_5887_9_11   |     0.000 |
|     memory_reg_5888_5951_0_2    |     0.000 |
|     memory_reg_5888_5951_3_5    |     0.000 |
|     memory_reg_5888_5951_6_8    |     0.000 |
|     memory_reg_5888_5951_9_11   |     0.000 |
|     memory_reg_5952_6015_0_2    |     0.000 |
|     memory_reg_5952_6015_3_5    |     0.000 |
|     memory_reg_5952_6015_6_8    |     0.000 |
|     memory_reg_5952_6015_9_11   |     0.000 |
|     memory_reg_6016_6079_0_2    |     0.000 |
|     memory_reg_6016_6079_3_5    |     0.000 |
|     memory_reg_6016_6079_6_8    |     0.000 |
|     memory_reg_6016_6079_9_11   |     0.000 |
|     memory_reg_6080_6143_0_2    |     0.000 |
|     memory_reg_6080_6143_3_5    |     0.000 |
|     memory_reg_6080_6143_6_8    |     0.000 |
|     memory_reg_6080_6143_9_11   |     0.000 |
|     memory_reg_6144_6207_0_2    |     0.000 |
|     memory_reg_6144_6207_3_5    |     0.000 |
|     memory_reg_6144_6207_6_8    |     0.000 |
|     memory_reg_6144_6207_9_11   |     0.000 |
|     memory_reg_6208_6271_0_2    |     0.000 |
|     memory_reg_6208_6271_3_5    |     0.000 |
|     memory_reg_6208_6271_6_8    |     0.000 |
|     memory_reg_6208_6271_9_11   |     0.000 |
|     memory_reg_6272_6335_0_2    |     0.000 |
|     memory_reg_6272_6335_3_5    |     0.000 |
|     memory_reg_6272_6335_6_8    |     0.000 |
|     memory_reg_6272_6335_9_11   |     0.000 |
|     memory_reg_6336_6399_0_2    |     0.000 |
|     memory_reg_6336_6399_3_5    |     0.000 |
|     memory_reg_6336_6399_6_8    |     0.000 |
|     memory_reg_6336_6399_9_11   |     0.000 |
|     memory_reg_6400_6463_0_2    |     0.000 |
|     memory_reg_6400_6463_3_5    |     0.000 |
|     memory_reg_6400_6463_6_8    |     0.000 |
|     memory_reg_6400_6463_9_11   |     0.000 |
|     memory_reg_640_703_0_2      |     0.000 |
|     memory_reg_640_703_3_5      |     0.000 |
|     memory_reg_640_703_6_8      |     0.000 |
|     memory_reg_640_703_9_11     |     0.000 |
|     memory_reg_6464_6527_0_2    |     0.000 |
|     memory_reg_6464_6527_3_5    |     0.000 |
|     memory_reg_6464_6527_6_8    |     0.000 |
|     memory_reg_6464_6527_9_11   |     0.000 |
|     memory_reg_64_127_0_2       |     0.000 |
|     memory_reg_64_127_3_5       |     0.000 |
|     memory_reg_64_127_6_8       |     0.000 |
|     memory_reg_64_127_9_11      |     0.000 |
|     memory_reg_6528_6591_0_2    |     0.000 |
|     memory_reg_6528_6591_3_5    |     0.000 |
|     memory_reg_6528_6591_6_8    |     0.000 |
|     memory_reg_6528_6591_9_11   |     0.000 |
|     memory_reg_6592_6655_0_2    |     0.000 |
|     memory_reg_6592_6655_3_5    |     0.000 |
|     memory_reg_6592_6655_6_8    |     0.000 |
|     memory_reg_6592_6655_9_11   |     0.000 |
|     memory_reg_6656_6719_0_2    |     0.000 |
|     memory_reg_6656_6719_3_5    |     0.000 |
|     memory_reg_6656_6719_6_8    |     0.000 |
|     memory_reg_6656_6719_9_11   |     0.000 |
|     memory_reg_6720_6783_0_2    |     0.000 |
|     memory_reg_6720_6783_3_5    |     0.000 |
|     memory_reg_6720_6783_6_8    |     0.000 |
|     memory_reg_6720_6783_9_11   |     0.000 |
|     memory_reg_6784_6847_0_2    |     0.000 |
|     memory_reg_6784_6847_3_5    |     0.000 |
|     memory_reg_6784_6847_6_8    |     0.000 |
|     memory_reg_6784_6847_9_11   |     0.000 |
|     memory_reg_6848_6911_0_2    |     0.000 |
|     memory_reg_6848_6911_3_5    |     0.000 |
|     memory_reg_6848_6911_6_8    |     0.000 |
|     memory_reg_6848_6911_9_11   |     0.000 |
|     memory_reg_6912_6975_0_2    |     0.000 |
|     memory_reg_6912_6975_3_5    |     0.000 |
|     memory_reg_6912_6975_6_8    |     0.000 |
|     memory_reg_6912_6975_9_11   |     0.000 |
|     memory_reg_6976_7039_0_2    |     0.000 |
|     memory_reg_6976_7039_3_5    |     0.000 |
|     memory_reg_6976_7039_6_8    |     0.000 |
|     memory_reg_6976_7039_9_11   |     0.000 |
|     memory_reg_7040_7103_0_2    |     0.000 |
|     memory_reg_7040_7103_3_5    |     0.000 |
|     memory_reg_7040_7103_6_8    |     0.000 |
|     memory_reg_7040_7103_9_11   |     0.000 |
|     memory_reg_704_767_0_2      |     0.000 |
|     memory_reg_704_767_3_5      |     0.000 |
|     memory_reg_704_767_6_8      |     0.000 |
|     memory_reg_704_767_9_11     |     0.000 |
|     memory_reg_7104_7167_0_2    |     0.000 |
|     memory_reg_7104_7167_3_5    |     0.000 |
|     memory_reg_7104_7167_6_8    |     0.000 |
|     memory_reg_7104_7167_9_11   |     0.000 |
|     memory_reg_7168_7231_0_2    |     0.000 |
|     memory_reg_7168_7231_3_5    |     0.000 |
|     memory_reg_7168_7231_6_8    |     0.000 |
|     memory_reg_7168_7231_9_11   |     0.000 |
|     memory_reg_7232_7295_0_2    |     0.000 |
|     memory_reg_7232_7295_3_5    |     0.000 |
|     memory_reg_7232_7295_6_8    |     0.000 |
|     memory_reg_7232_7295_9_11   |     0.000 |
|     memory_reg_7296_7359_0_2    |     0.000 |
|     memory_reg_7296_7359_3_5    |     0.000 |
|     memory_reg_7296_7359_6_8    |     0.000 |
|     memory_reg_7296_7359_9_11   |     0.000 |
|     memory_reg_7360_7423_0_2    |     0.000 |
|     memory_reg_7360_7423_3_5    |     0.000 |
|     memory_reg_7360_7423_6_8    |     0.000 |
|     memory_reg_7360_7423_9_11   |     0.000 |
|     memory_reg_7424_7487_0_2    |     0.000 |
|     memory_reg_7424_7487_3_5    |     0.000 |
|     memory_reg_7424_7487_6_8    |     0.000 |
|     memory_reg_7424_7487_9_11   |     0.000 |
|     memory_reg_7488_7551_0_2    |     0.000 |
|     memory_reg_7488_7551_3_5    |     0.000 |
|     memory_reg_7488_7551_6_8    |     0.000 |
|     memory_reg_7488_7551_9_11   |     0.000 |
|     memory_reg_7552_7615_0_2    |     0.000 |
|     memory_reg_7552_7615_3_5    |     0.000 |
|     memory_reg_7552_7615_6_8    |     0.000 |
|     memory_reg_7552_7615_9_11   |     0.000 |
|     memory_reg_7616_7679_0_2    |     0.000 |
|     memory_reg_7616_7679_3_5    |     0.000 |
|     memory_reg_7616_7679_6_8    |     0.000 |
|     memory_reg_7616_7679_9_11   |     0.000 |
|     memory_reg_7680_7743_0_2    |     0.000 |
|     memory_reg_7680_7743_3_5    |     0.000 |
|     memory_reg_7680_7743_6_8    |     0.000 |
|     memory_reg_7680_7743_9_11   |     0.000 |
|     memory_reg_768_831_0_2      |     0.000 |
|     memory_reg_768_831_3_5      |     0.000 |
|     memory_reg_768_831_6_8      |     0.000 |
|     memory_reg_768_831_9_11     |     0.000 |
|     memory_reg_7744_7807_0_2    |     0.000 |
|     memory_reg_7744_7807_3_5    |     0.000 |
|     memory_reg_7744_7807_6_8    |     0.000 |
|     memory_reg_7744_7807_9_11   |     0.000 |
|     memory_reg_7808_7871_0_2    |     0.000 |
|     memory_reg_7808_7871_3_5    |     0.000 |
|     memory_reg_7808_7871_6_8    |     0.000 |
|     memory_reg_7808_7871_9_11   |     0.000 |
|     memory_reg_7872_7935_0_2    |     0.000 |
|     memory_reg_7872_7935_3_5    |     0.000 |
|     memory_reg_7872_7935_6_8    |     0.000 |
|     memory_reg_7872_7935_9_11   |     0.000 |
|     memory_reg_7936_7999_0_2    |     0.000 |
|     memory_reg_7936_7999_3_5    |     0.000 |
|     memory_reg_7936_7999_6_8    |     0.000 |
|     memory_reg_7936_7999_9_11   |     0.000 |
|     memory_reg_8000_8063_0_2    |     0.000 |
|     memory_reg_8000_8063_3_5    |     0.000 |
|     memory_reg_8000_8063_6_8    |     0.000 |
|     memory_reg_8000_8063_9_11   |     0.000 |
|     memory_reg_8064_8127_0_2    |     0.000 |
|     memory_reg_8064_8127_3_5    |     0.000 |
|     memory_reg_8064_8127_6_8    |     0.000 |
|     memory_reg_8064_8127_9_11   |     0.000 |
|     memory_reg_8128_8191_0_2    |     0.000 |
|     memory_reg_8128_8191_3_5    |     0.000 |
|     memory_reg_8128_8191_6_8    |     0.000 |
|     memory_reg_8128_8191_9_11   |     0.000 |
|     memory_reg_8192_8255_0_2    |     0.000 |
|     memory_reg_8192_8255_3_5    |     0.000 |
|     memory_reg_8192_8255_6_8    |     0.000 |
|     memory_reg_8192_8255_9_11   |     0.000 |
|     memory_reg_8256_8319_0_2    |     0.000 |
|     memory_reg_8256_8319_3_5    |     0.000 |
|     memory_reg_8256_8319_6_8    |     0.000 |
|     memory_reg_8256_8319_9_11   |     0.000 |
|     memory_reg_8320_8383_0_2    |     0.000 |
|     memory_reg_8320_8383_3_5    |     0.000 |
|     memory_reg_8320_8383_6_8    |     0.000 |
|     memory_reg_8320_8383_9_11   |     0.000 |
|     memory_reg_832_895_0_2      |     0.000 |
|     memory_reg_832_895_3_5      |     0.000 |
|     memory_reg_832_895_6_8      |     0.000 |
|     memory_reg_832_895_9_11     |     0.000 |
|     memory_reg_8384_8447_0_2    |     0.000 |
|     memory_reg_8384_8447_3_5    |     0.000 |
|     memory_reg_8384_8447_6_8    |     0.000 |
|     memory_reg_8384_8447_9_11   |     0.000 |
|     memory_reg_8448_8511_0_2    |     0.000 |
|     memory_reg_8448_8511_3_5    |     0.000 |
|     memory_reg_8448_8511_6_8    |     0.000 |
|     memory_reg_8448_8511_9_11   |     0.000 |
|     memory_reg_8512_8575_0_2    |     0.000 |
|     memory_reg_8512_8575_3_5    |     0.000 |
|     memory_reg_8512_8575_6_8    |     0.000 |
|     memory_reg_8512_8575_9_11   |     0.000 |
|     memory_reg_8576_8639_0_2    |     0.000 |
|     memory_reg_8576_8639_3_5    |     0.000 |
|     memory_reg_8576_8639_6_8    |     0.000 |
|     memory_reg_8576_8639_9_11   |     0.000 |
|     memory_reg_8640_8703_0_2    |     0.000 |
|     memory_reg_8640_8703_3_5    |     0.000 |
|     memory_reg_8640_8703_6_8    |     0.000 |
|     memory_reg_8640_8703_9_11   |     0.000 |
|     memory_reg_8704_8767_0_2    |     0.000 |
|     memory_reg_8704_8767_3_5    |     0.000 |
|     memory_reg_8704_8767_6_8    |     0.000 |
|     memory_reg_8704_8767_9_11   |     0.000 |
|     memory_reg_8768_8831_0_2    |     0.000 |
|     memory_reg_8768_8831_3_5    |     0.000 |
|     memory_reg_8768_8831_6_8    |     0.000 |
|     memory_reg_8768_8831_9_11   |     0.000 |
|     memory_reg_8832_8895_0_2    |     0.000 |
|     memory_reg_8832_8895_3_5    |     0.000 |
|     memory_reg_8832_8895_6_8    |     0.000 |
|     memory_reg_8832_8895_9_11   |     0.000 |
|     memory_reg_8896_8959_0_2    |     0.000 |
|     memory_reg_8896_8959_3_5    |     0.000 |
|     memory_reg_8896_8959_6_8    |     0.000 |
|     memory_reg_8896_8959_9_11   |     0.000 |
|     memory_reg_8960_9023_0_2    |     0.000 |
|     memory_reg_8960_9023_3_5    |     0.000 |
|     memory_reg_8960_9023_6_8    |     0.000 |
|     memory_reg_8960_9023_9_11   |     0.000 |
|     memory_reg_896_959_0_2      |     0.000 |
|     memory_reg_896_959_3_5      |     0.000 |
|     memory_reg_896_959_6_8      |     0.000 |
|     memory_reg_896_959_9_11     |     0.000 |
|     memory_reg_9024_9087_0_2    |     0.000 |
|     memory_reg_9024_9087_3_5    |     0.000 |
|     memory_reg_9024_9087_6_8    |     0.000 |
|     memory_reg_9024_9087_9_11   |     0.000 |
|     memory_reg_9088_9151_0_2    |     0.000 |
|     memory_reg_9088_9151_3_5    |     0.000 |
|     memory_reg_9088_9151_6_8    |     0.000 |
|     memory_reg_9088_9151_9_11   |     0.000 |
|     memory_reg_9152_9215_0_2    |     0.000 |
|     memory_reg_9152_9215_3_5    |     0.000 |
|     memory_reg_9152_9215_6_8    |     0.000 |
|     memory_reg_9152_9215_9_11   |     0.000 |
|     memory_reg_9216_9279_0_2    |     0.000 |
|     memory_reg_9216_9279_3_5    |     0.000 |
|     memory_reg_9216_9279_6_8    |     0.000 |
|     memory_reg_9216_9279_9_11   |     0.000 |
|     memory_reg_9280_9343_0_2    |     0.000 |
|     memory_reg_9280_9343_3_5    |     0.000 |
|     memory_reg_9280_9343_6_8    |     0.000 |
|     memory_reg_9280_9343_9_11   |     0.000 |
|     memory_reg_9344_9407_0_2    |     0.000 |
|     memory_reg_9344_9407_3_5    |     0.000 |
|     memory_reg_9344_9407_6_8    |     0.000 |
|     memory_reg_9344_9407_9_11   |     0.000 |
|     memory_reg_9408_9471_0_2    |     0.000 |
|     memory_reg_9408_9471_3_5    |     0.000 |
|     memory_reg_9408_9471_6_8    |     0.000 |
|     memory_reg_9408_9471_9_11   |     0.000 |
|     memory_reg_9472_9535_0_2    |     0.000 |
|     memory_reg_9472_9535_3_5    |     0.000 |
|     memory_reg_9472_9535_6_8    |     0.000 |
|     memory_reg_9472_9535_9_11   |     0.000 |
|     memory_reg_9536_9599_0_2    |     0.000 |
|     memory_reg_9536_9599_3_5    |     0.000 |
|     memory_reg_9536_9599_6_8    |     0.000 |
|     memory_reg_9536_9599_9_11   |     0.000 |
|     memory_reg_9600_9663_0_2    |     0.000 |
|     memory_reg_9600_9663_3_5    |     0.000 |
|     memory_reg_9600_9663_6_8    |     0.000 |
|     memory_reg_9600_9663_9_11   |     0.000 |
|     memory_reg_960_1023_0_2     |     0.000 |
|     memory_reg_960_1023_3_5     |     0.000 |
|     memory_reg_960_1023_6_8     |     0.000 |
|     memory_reg_960_1023_9_11    |     0.000 |
|     memory_reg_9664_9727_0_2    |     0.000 |
|     memory_reg_9664_9727_3_5    |     0.000 |
|     memory_reg_9664_9727_6_8    |     0.000 |
|     memory_reg_9664_9727_9_11   |     0.000 |
|     memory_reg_9728_9791_0_2    |     0.000 |
|     memory_reg_9728_9791_3_5    |     0.000 |
|     memory_reg_9728_9791_6_8    |     0.000 |
|     memory_reg_9728_9791_9_11   |     0.000 |
|     memory_reg_9792_9855_0_2    |     0.000 |
|     memory_reg_9792_9855_3_5    |     0.000 |
|     memory_reg_9792_9855_6_8    |     0.000 |
|     memory_reg_9792_9855_9_11   |     0.000 |
|     memory_reg_9856_9919_0_2    |     0.000 |
|     memory_reg_9856_9919_3_5    |     0.000 |
|     memory_reg_9856_9919_6_8    |     0.000 |
|     memory_reg_9856_9919_9_11   |     0.000 |
|     memory_reg_9920_9983_0_2    |     0.000 |
|     memory_reg_9920_9983_3_5    |     0.000 |
|     memory_reg_9920_9983_6_8    |     0.000 |
|     memory_reg_9920_9983_9_11   |     0.000 |
|     memory_reg_9984_10047_0_2   |     0.000 |
|     memory_reg_9984_10047_3_5   |     0.000 |
|     memory_reg_9984_10047_6_8   |     0.000 |
|     memory_reg_9984_10047_9_11  |     0.000 |
|     writeclk                    |     0.002 |
|   delayedpitch1                 |     0.005 |
|     clkx_adjuster               |     0.002 |
|       clk0                      |    <0.001 |
|       clk1                      |    <0.001 |
|       clk2                      |    <0.001 |
|       clk3                      |    <0.001 |
|       clk4                      |    <0.001 |
|   mcpiano                       |     0.000 |
|     pulse1                      |     0.000 |
|       dff1                      |     0.000 |
|       dff2                      |     0.000 |
|     pulse2                      |     0.000 |
|       dff1                      |     0.000 |
|       dff2                      |     0.000 |
|   merge1                        |    <0.001 |
|   piano                         |     0.016 |
|     A2                          |    <0.001 |
|     A3                          |    <0.001 |
|     A4                          |    <0.001 |
|     A5                          |    <0.001 |
|     A6                          |    <0.001 |
|     B2                          |    <0.001 |
|     B3                          |    <0.001 |
|     B4                          |    <0.001 |
|     B5                          |    <0.001 |
|     B6                          |    <0.001 |
|     C2                          |    <0.001 |
|     C3                          |    <0.001 |
|     C4                          |    <0.001 |
|     C5                          |    <0.001 |
|     C6                          |    <0.001 |
|     D2                          |    <0.001 |
|     D3                          |    <0.001 |
|     D4                          |    <0.001 |
|     D5                          |    <0.001 |
|     D6                          |    <0.001 |
|     E2                          |    <0.001 |
|     E3                          |    <0.001 |
|     E4                          |    <0.001 |
|     E5                          |    <0.001 |
|     E6                          |    <0.001 |
|     F2                          |    <0.001 |
|     F3                          |    <0.001 |
|     F4                          |    <0.001 |
|     F5                          |    <0.001 |
|     F6                          |    <0.001 |
|     G2                          |    <0.001 |
|     G3                          |    <0.001 |
|     G4                          |    <0.001 |
|     G5                          |    <0.001 |
|     G6                          |    <0.001 |
|   pitch_adjuster                |    <0.001 |
|     pulse1                      |     0.000 |
|       dff1                      |     0.000 |
|       dff2                      |     0.000 |
|     pulse2                      |     0.000 |
|       dff1                      |     0.000 |
|       dff2                      |     0.000 |
|   play                          |     0.005 |
|     A4                          |    <0.001 |
|     Ab4                         |    <0.001 |
|     B4                          |    <0.001 |
|     C4                          |    <0.001 |
|     C5                          |    <0.001 |
|     D5                          |    <0.001 |
|     E4                          |    <0.001 |
|     E5                          |    <0.001 |
|     Eb5                         |    <0.001 |
|     scm                         |    <0.001 |
|   playback_left                 |     0.005 |
|     clkx_adjuster               |     0.002 |
|       clk0                      |    <0.001 |
|       clk1                      |    <0.001 |
|       clk2                      |    <0.001 |
|       clk3                      |    <0.001 |
|       clk4                      |    <0.001 |
|   playback_right                |     0.004 |
|     clkx_adjuster               |     0.002 |
|       clk0                      |    <0.001 |
|       clk1                      |    <0.001 |
|       clk2                      |    <0.001 |
|       clk3                      |    <0.001 |
|       clk4                      |    <0.001 |
|   realtime1                     |     0.005 |
|     clkx_adjuster               |     0.002 |
|       clk0                      |    <0.001 |
|       clk1                      |    <0.001 |
|       clk2                      |    <0.001 |
|       clk3                      |    <0.001 |
|       clk4                      |    <0.001 |
|   segmentout                    |    <0.001 |
|     sclk                        |    <0.001 |
|   timedelay_adjuster            |    <0.001 |
|     pulse1                      |     0.000 |
|       dff1                      |     0.000 |
|       dff2                      |     0.000 |
|     pulse2                      |     0.000 |
|       dff1                      |     0.000 |
|       dff2                      |     0.000 |
|   u1                            |    <0.001 |
|   u2                            |    <0.001 |
+---------------------------------+-----------+


